{"meta": {"format": 3, "version": "7.14.1", "timestamp": "2026-06-18T21:06:58.129233", "branch_coverage": false, "show_contexts": false}, "files": {"src/audiobook_studio/__init__.py": {"executed_lines": [9], "summary": {"covered_lines": 1, "num_statements": 1, "percent_covered": 100.0, "percent_covered_display": "100", "missing_lines": 0, "excluded_lines": 0, "percent_statements_covered": 100.0, "percent_statements_covered_display": "100"}, "missing_lines": [], "excluded_lines": [], "functions": {"": {"executed_lines": [9], "summary": {"covered_lines": 1, "num_statements": 1, "percent_covered": 100.0, "percent_covered_display": "100", "missing_lines": 0, "excluded_lines": 0, "percent_statements_covered": 100.0, "percent_statements_covered_display": "100"}, "missing_lines": [], "excluded_lines": [], "start_line": 1}}, "classes": {"": {"executed_lines": [9], "summary": {"covered_lines": 1, "num_statements": 1, "percent_covered": 100.0, "percent_covered_display": "100", "missing_lines": 0, "excluded_lines": 0, "percent_statements_covered": 100.0, "percent_statements_covered_display": "100"}, "missing_lines": [], "excluded_lines": [], "start_line": 1}}}, "src/audiobook_studio/api/__init__.py": {"executed_lines": [], "summary": {"covered_lines": 0, "num_statements": 0, "percent_covered": 100.0, "percent_covered_display": "100", "missing_lines": 0, "excluded_lines": 0, "percent_statements_covered": 100.0, "percent_statements_covered_display": "100"}, "missing_lines": [], "excluded_lines": [], "functions": {"": {"executed_lines": [], "summary": {"covered_lines": 0, "num_statements": 0, "percent_covered": 100.0, "percent_covered_display": "100", "missing_lines": 0, "excluded_lines": 0, "percent_statements_covered": 100.0, "percent_statements_covered_display": "100"}, "missing_lines": [], "excluded_lines": [], "start_line": 1}}, "classes": {"": {"executed_lines": [], "summary": {"covered_lines": 0, "num_statements": 0, "percent_covered": 100.0, "percent_covered_display": "100", "missing_lines": 0, "excluded_lines": 0, "percent_statements_covered": 100.0, "percent_statements_covered_display": "100"}, "missing_lines": [], "excluded_lines": [], "start_line": 1}}}, "src/audiobook_studio/api/books.py": {"executed_lines": [3, 5, 6, 8, 9, 10, 12, 15, 16, 17, 18, 19, 20, 21, 24, 25, 26, 27, 30, 31, 32, 33, 34, 38, 39, 40, 41, 43, 44, 45, 46, 47, 48, 49, 52, 53, 54, 55, 57, 58, 59], "summary": {"covered_lines": 41, "num_statements": 44, "percent_covered": 93.18181818181819, "percent_covered_display": "93", "missing_lines": 3, "excluded_lines": 0, "percent_statements_covered": 93.18181818181819, "percent_statements_covered_display": "93"}, "missing_lines": [35, 42, 56], "excluded_lines": [], "functions": {"create_book": {"executed_lines": [17, 18, 19, 20, 21], "summary": {"covered_lines": 5, "num_statements": 5, "percent_covered": 100.0, "percent_covered_display": "100", "missing_lines": 0, "excluded_lines": 0, "percent_statements_covered": 100.0, "percent_statements_covered_display": "100"}, "missing_lines": [], "excluded_lines": [], "start_line": 16}, "list_books": {"executed_lines": [26, 27], "summary": {"covered_lines": 2, "num_statements": 2, "percent_covered": 100.0, "percent_covered_display": "100", "missing_lines": 0, "excluded_lines": 0, "percent_statements_covered": 100.0, "percent_statements_covered_display": "100"}, "missing_lines": [], "excluded_lines": [], "start_line": 25}, "get_book": {"executed_lines": [32, 33, 34], "summary": {"covered_lines": 3, "num_statements": 4, "percent_covered": 75.0, "percent_covered_display": "75", "missing_lines": 1, "excluded_lines": 0, "percent_statements_covered": 75.0, "percent_statements_covered_display": "75"}, "missing_lines": [35], "excluded_lines": [], "start_line": 31}, "update_book": {"executed_lines": [40, 41, 43, 44, 45, 46, 47, 48, 49], "summary": {"covered_lines": 9, "num_statements": 10, "percent_covered": 90.0, "percent_covered_display": "90", "missing_lines": 1, "excluded_lines": 0, "percent_statements_covered": 90.0, "percent_statements_covered_display": "90"}, "missing_lines": [42], "excluded_lines": [], "start_line": 39}, "delete_book": {"executed_lines": [54, 55, 57, 58, 59], "summary": {"covered_lines": 5, "num_statements": 6, "percent_covered": 83.33333333333333, "percent_covered_display": "83", "missing_lines": 1, "excluded_lines": 0, "percent_statements_covered": 83.33333333333333, "percent_statements_covered_display": "83"}, "missing_lines": [56], "excluded_lines": [], "start_line": 53}, "": {"executed_lines": [3, 5, 6, 8, 9, 10, 12, 15, 16, 24, 25, 30, 31, 38, 39, 52, 53], "summary": {"covered_lines": 17, "num_statements": 17, "percent_covered": 100.0, "percent_covered_display": "100", "missing_lines": 0, "excluded_lines": 0, "percent_statements_covered": 100.0, "percent_statements_covered_display": "100"}, "missing_lines": [], "excluded_lines": [], "start_line": 1}}, "classes": {"": {"executed_lines": [3, 5, 6, 8, 9, 10, 12, 15, 16, 17, 18, 19, 20, 21, 24, 25, 26, 27, 30, 31, 32, 33, 34, 38, 39, 40, 41, 43, 44, 45, 46, 47, 48, 49, 52, 53, 54, 55, 57, 58, 59], "summary": {"covered_lines": 41, "num_statements": 44, "percent_covered": 93.18181818181819, "percent_covered_display": "93", "missing_lines": 3, "excluded_lines": 0, "percent_statements_covered": 93.18181818181819, "percent_statements_covered_display": "93"}, "missing_lines": [35, 42, 56], "excluded_lines": [], "start_line": 1}}}, "src/audiobook_studio/api/characters.py": {"executed_lines": [9, 10, 11, 12, 14, 15, 16, 18, 19, 21, 23, 26, 29, 32, 33, 34, 35, 36, 40, 45, 47, 48, 49, 50, 51, 54, 55, 58, 59, 60, 61, 62, 63, 64, 67, 71, 72, 75, 82, 83, 89, 90, 93, 94, 97, 98, 105, 106, 110, 114, 115, 120, 124, 125, 126, 127, 128, 131, 132, 134, 135, 141, 142, 148, 152, 153, 154, 157, 158, 165, 169, 173, 174, 179, 186, 187, 188, 190, 191, 192, 193, 196, 197, 203, 207, 210, 211, 212, 213], "summary": {"covered_lines": 89, "num_statements": 97, "percent_covered": 91.75257731958763, "percent_covered_display": "92", "missing_lines": 8, "excluded_lines": 0, "percent_statements_covered": 91.75257731958763, "percent_statements_covered_display": "92"}, "missing_lines": [37, 38, 39, 91, 107, 170, 180, 208], "excluded_lines": [], "functions": {"load_voice_mapping": {"executed_lines": [32, 33, 34, 35, 36, 40], "summary": {"covered_lines": 6, "num_statements": 9, "percent_covered": 66.66666666666667, "percent_covered_display": "67", "missing_lines": 3, "excluded_lines": 0, "percent_statements_covered": 66.66666666666667, "percent_statements_covered_display": "67"}, "missing_lines": [37, 38, 39], "excluded_lines": [], "start_line": 29}, "fetch_characters": {"executed_lines": [89, 90, 93, 94], "summary": {"covered_lines": 4, "num_statements": 5, "percent_covered": 80.0, "percent_covered_display": "80", "missing_lines": 1, "excluded_lines": 0, "percent_statements_covered": 80.0, "percent_statements_covered_display": "80"}, "missing_lines": [91], "excluded_lines": [], "start_line": 83}, "create_character": {"executed_lines": [105, 106, 110, 114, 115, 120, 124, 125, 126, 127, 128], "summary": {"covered_lines": 11, "num_statements": 12, "percent_covered": 91.66666666666667, "percent_covered_display": "92", "missing_lines": 1, "excluded_lines": 0, "percent_statements_covered": 91.66666666666667, "percent_statements_covered_display": "92"}, "missing_lines": [107], "excluded_lines": [], "start_line": 98}, "get_voice_mapping": {"executed_lines": [134, 135], "summary": {"covered_lines": 2, "num_statements": 2, "percent_covered": 100.0, "percent_covered_display": "100", "missing_lines": 0, "excluded_lines": 0, "percent_statements_covered": 100.0, "percent_statements_covered_display": "100"}, "missing_lines": [], "excluded_lines": [], "start_line": 132}, "fetch_character": {"executed_lines": [148, 152, 153, 154], "summary": {"covered_lines": 4, "num_statements": 4, "percent_covered": 100.0, "percent_covered_display": "100", "missing_lines": 0, "excluded_lines": 0, "percent_statements_covered": 100.0, "percent_statements_covered_display": "100"}, "missing_lines": [], "excluded_lines": [], "start_line": 142}, "update_character": {"executed_lines": [165, 169, 173, 174, 179, 186, 187, 188, 190, 191, 192, 193], "summary": {"covered_lines": 12, "num_statements": 14, "percent_covered": 85.71428571428571, "percent_covered_display": "86", "missing_lines": 2, "excluded_lines": 0, "percent_statements_covered": 85.71428571428571, "percent_statements_covered_display": "86"}, "missing_lines": [170, 180], "excluded_lines": [], "start_line": 158}, "delete_character": {"executed_lines": [203, 207, 210, 211, 212, 213], "summary": {"covered_lines": 6, "num_statements": 7, "percent_covered": 85.71428571428571, "percent_covered_display": "86", "missing_lines": 1, "excluded_lines": 0, "percent_statements_covered": 85.71428571428571, "percent_statements_covered_display": "86"}, "missing_lines": [208], "excluded_lines": [], "start_line": 197}, "": {"executed_lines": [9, 10, 11, 12, 14, 15, 16, 18, 19, 21, 23, 26, 29, 45, 47, 48, 49, 50, 51, 54, 55, 58, 59, 60, 61, 62, 63, 64, 67, 71, 72, 75, 82, 83, 97, 98, 131, 132, 141, 142, 157, 158, 196, 197], "summary": {"covered_lines": 44, "num_statements": 44, "percent_covered": 100.0, "percent_covered_display": "100", "missing_lines": 0, "excluded_lines": 0, "percent_statements_covered": 100.0, "percent_statements_covered_display": "100"}, "missing_lines": [], "excluded_lines": [], "start_line": 1}}, "classes": {"CharacterBase": {"executed_lines": [], "summary": {"covered_lines": 0, "num_statements": 0, "percent_covered": 100.0, "percent_covered_display": "100", "missing_lines": 0, "excluded_lines": 0, "percent_statements_covered": 100.0, "percent_statements_covered_display": "100"}, "missing_lines": [], "excluded_lines": [], "start_line": 45}, "CharacterCreate": {"executed_lines": [], "summary": {"covered_lines": 0, "num_statements": 0, "percent_covered": 100.0, "percent_covered_display": "100", "missing_lines": 0, "excluded_lines": 0, "percent_statements_covered": 100.0, "percent_statements_covered_display": "100"}, "missing_lines": [], "excluded_lines": [], "start_line": 54}, "CharacterUpdate": {"executed_lines": [], "summary": {"covered_lines": 0, "num_statements": 0, "percent_covered": 100.0, "percent_covered_display": "100", "missing_lines": 0, "excluded_lines": 0, "percent_statements_covered": 100.0, "percent_statements_covered_display": "100"}, "missing_lines": [], "excluded_lines": [], "start_line": 58}, "CharacterResponse": {"executed_lines": [], "summary": {"covered_lines": 0, "num_statements": 0, "percent_covered": 100.0, "percent_covered_display": "100", "missing_lines": 0, "excluded_lines": 0, "percent_statements_covered": 100.0, "percent_statements_covered_display": "100"}, "missing_lines": [], "excluded_lines": [], "start_line": 67}, "CharacterResponse.Config": {"executed_lines": [], "summary": {"covered_lines": 0, "num_statements": 0, "percent_covered": 100.0, "percent_covered_display": "100", "missing_lines": 0, "excluded_lines": 0, "percent_statements_covered": 100.0, "percent_statements_covered_display": "100"}, "missing_lines": [], "excluded_lines": [], "start_line": 71}, "VoiceMappingResponse": {"executed_lines": [], "summary": {"covered_lines": 0, "num_statements": 0, "percent_covered": 100.0, "percent_covered_display": "100", "missing_lines": 0, "excluded_lines": 0, "percent_statements_covered": 100.0, "percent_statements_covered_display": "100"}, "missing_lines": [], "excluded_lines": [], "start_line": 75}, "": {"executed_lines": [9, 10, 11, 12, 14, 15, 16, 18, 19, 21, 23, 26, 29, 32, 33, 34, 35, 36, 40, 45, 47, 48, 49, 50, 51, 54, 55, 58, 59, 60, 61, 62, 63, 64, 67, 71, 72, 75, 82, 83, 89, 90, 93, 94, 97, 98, 105, 106, 110, 114, 115, 120, 124, 125, 126, 127, 128, 131, 132, 134, 135, 141, 142, 148, 152, 153, 154, 157, 158, 165, 169, 173, 174, 179, 186, 187, 188, 190, 191, 192, 193, 196, 197, 203, 207, 210, 211, 212, 213], "summary": {"covered_lines": 89, "num_statements": 97, "percent_covered": 91.75257731958763, "percent_covered_display": "92", "missing_lines": 8, "excluded_lines": 0, "percent_statements_covered": 91.75257731958763, "percent_statements_covered_display": "92"}, "missing_lines": [37, 38, 39, 91, 107, 170, 180, 208], "excluded_lines": [], "start_line": 1}}}, "src/audiobook_studio/api/collab.py": {"executed_lines": [6, 7, 8, 9, 10, 11, 12, 13, 14, 16, 20, 21, 22, 23, 24, 25, 26, 29, 30, 33, 38, 39, 40, 42, 43, 46, 47, 48, 49, 50, 51, 52, 53, 54, 55, 56, 57, 60, 61, 64, 68, 70, 71, 74, 75, 76, 77, 78, 79, 80, 81, 84, 85, 88, 91, 94, 96, 97, 100, 102, 103, 106, 107, 113, 114, 134, 135, 143, 144, 159, 160, 179, 180, 190, 191, 199, 200, 212, 213, 227, 228, 241, 242, 250, 251, 263, 264, 277, 278, 291, 292], "summary": {"covered_lines": 91, "num_statements": 126, "percent_covered": 72.22222222222223, "percent_covered_display": "72", "missing_lines": 35, "excluded_lines": 0, "percent_statements_covered": 72.22222222222223, "percent_statements_covered_display": "72"}, "missing_lines": [118, 128, 129, 130, 131, 137, 138, 139, 140, 150, 151, 152, 153, 154, 155, 156, 166, 167, 168, 170, 171, 172, 173, 174, 175, 184, 193, 206, 220, 235, 244, 257, 270, 287, 296], "excluded_lines": [], "functions": {"create_comment": {"executed_lines": [], "summary": {"covered_lines": 0, "num_statements": 5, "percent_covered": 0.0, "percent_covered_display": "0", "missing_lines": 5, "excluded_lines": 0, "percent_statements_covered": 0.0, "percent_statements_covered_display": "0"}, "missing_lines": [118, 128, 129, 130, 131], "excluded_lines": [], "start_line": 114}, "get_comment": {"executed_lines": [], "summary": {"covered_lines": 0, "num_statements": 4, "percent_covered": 0.0, "percent_covered_display": "0", "missing_lines": 4, "excluded_lines": 0, "percent_statements_covered": 0.0, "percent_statements_covered_display": "0"}, "missing_lines": [137, 138, 139, 140], "excluded_lines": [], "start_line": 135}, "list_comments": {"executed_lines": [], "summary": {"covered_lines": 0, "num_statements": 7, "percent_covered": 0.0, "percent_covered_display": "0", "missing_lines": 7, "excluded_lines": 0, "percent_statements_covered": 0.0, "percent_statements_covered_display": "0"}, "missing_lines": [150, 151, 152, 153, 154, 155, 156], "excluded_lines": [], "start_line": 144}, "resolve_comment": {"executed_lines": [], "summary": {"covered_lines": 0, "num_statements": 9, "percent_covered": 0.0, "percent_covered_display": "0", "missing_lines": 9, "excluded_lines": 0, "percent_statements_covered": 0.0, "percent_statements_covered_display": "0"}, "missing_lines": [166, 167, 168, 170, 171, 172, 173, 174, 175], "excluded_lines": [], "start_line": 160}, "create_task": {"executed_lines": [], "summary": {"covered_lines": 0, "num_statements": 1, "percent_covered": 0.0, "percent_covered_display": "0", "missing_lines": 1, "excluded_lines": 0, "percent_statements_covered": 0.0, "percent_statements_covered_display": "0"}, "missing_lines": [184], "excluded_lines": [], "start_line": 180}, "get_task": {"executed_lines": [], "summary": {"covered_lines": 0, "num_statements": 1, "percent_covered": 0.0, "percent_covered_display": "0", "missing_lines": 1, "excluded_lines": 0, "percent_statements_covered": 0.0, "percent_statements_covered_display": "0"}, "missing_lines": [193], "excluded_lines": [], "start_line": 191}, "list_tasks": {"executed_lines": [], "summary": {"covered_lines": 0, "num_statements": 1, "percent_covered": 0.0, "percent_covered_display": "0", "missing_lines": 1, "excluded_lines": 0, "percent_statements_covered": 0.0, "percent_statements_covered_display": "0"}, "missing_lines": [206], "excluded_lines": [], "start_line": 200}, "update_task_status": {"executed_lines": [], "summary": {"covered_lines": 0, "num_statements": 1, "percent_covered": 0.0, "percent_covered_display": "0", "missing_lines": 1, "excluded_lines": 0, "percent_statements_covered": 0.0, "percent_statements_covered_display": "0"}, "missing_lines": [220], "excluded_lines": [], "start_line": 213}, "create_approval_request": {"executed_lines": [], "summary": {"covered_lines": 0, "num_statements": 1, "percent_covered": 0.0, "percent_covered_display": "0", "missing_lines": 1, "excluded_lines": 0, "percent_statements_covered": 0.0, "percent_statements_covered_display": "0"}, "missing_lines": [235], "excluded_lines": [], "start_line": 228}, "get_approval_request": {"executed_lines": [], "summary": {"covered_lines": 0, "num_statements": 1, "percent_covered": 0.0, "percent_covered_display": "0", "missing_lines": 1, "excluded_lines": 0, "percent_statements_covered": 0.0, "percent_statements_covered_display": "0"}, "missing_lines": [244], "excluded_lines": [], "start_line": 242}, "list_approval_requests": {"executed_lines": [], "summary": {"covered_lines": 0, "num_statements": 1, "percent_covered": 0.0, "percent_covered_display": "0", "missing_lines": 1, "excluded_lines": 0, "percent_statements_covered": 0.0, "percent_statements_covered_display": "0"}, "missing_lines": [257], "excluded_lines": [], "start_line": 251}, "respond_to_approval": {"executed_lines": [], "summary": {"covered_lines": 0, "num_statements": 1, "percent_covered": 0.0, "percent_covered_display": "0", "missing_lines": 1, "excluded_lines": 0, "percent_statements_covered": 0.0, "percent_statements_covered_display": "0"}, "missing_lines": [270], "excluded_lines": [], "start_line": 264}, "get_change_history": {"executed_lines": [], "summary": {"covered_lines": 0, "num_statements": 1, "percent_covered": 0.0, "percent_covered_display": "0", "missing_lines": 1, "excluded_lines": 0, "percent_statements_covered": 0.0, "percent_statements_covered_display": "0"}, "missing_lines": [287], "excluded_lines": [], "start_line": 278}, "get_collaboration_stats": {"executed_lines": [], "summary": {"covered_lines": 0, "num_statements": 1, "percent_covered": 0.0, "percent_covered_display": "0", "missing_lines": 1, "excluded_lines": 0, "percent_statements_covered": 0.0, "percent_statements_covered_display": "0"}, "missing_lines": [296], "excluded_lines": [], "start_line": 292}, "": {"executed_lines": [6, 7, 8, 9, 10, 11, 12, 13, 14, 16, 20, 21, 22, 23, 24, 25, 26, 29, 30, 33, 38, 39, 40, 42, 43, 46, 47, 48, 49, 50, 51, 52, 53, 54, 55, 56, 57, 60, 61, 64, 68, 70, 71, 74, 75, 76, 77, 78, 79, 80, 81, 84, 85, 88, 91, 94, 96, 97, 100, 102, 103, 106, 107, 113, 114, 134, 135, 143, 144, 159, 160, 179, 180, 190, 191, 199, 200, 212, 213, 227, 228, 241, 242, 250, 251, 263, 264, 277, 278, 291, 292], "summary": {"covered_lines": 91, "num_statements": 91, "percent_covered": 100.0, "percent_covered_display": "100", "missing_lines": 0, "excluded_lines": 0, "percent_statements_covered": 100.0, "percent_statements_covered_display": "100"}, "missing_lines": [], "excluded_lines": [], "start_line": 1}}, "classes": {"CommentBase": {"executed_lines": [], "summary": {"covered_lines": 0, "num_statements": 0, "percent_covered": 100.0, "percent_covered_display": "100", "missing_lines": 0, "excluded_lines": 0, "percent_statements_covered": 100.0, "percent_statements_covered_display": "100"}, "missing_lines": [], "excluded_lines": [], "start_line": 20}, "CommentCreate": {"executed_lines": [], "summary": {"covered_lines": 0, "num_statements": 0, "percent_covered": 100.0, "percent_covered_display": "100", "missing_lines": 0, "excluded_lines": 0, "percent_statements_covered": 100.0, "percent_statements_covered_display": "100"}, "missing_lines": [], "excluded_lines": [], "start_line": 29}, "CommentResponse": {"executed_lines": [], "summary": {"covered_lines": 0, "num_statements": 0, "percent_covered": 100.0, "percent_covered_display": "100", "missing_lines": 0, "excluded_lines": 0, "percent_statements_covered": 100.0, "percent_statements_covered_display": "100"}, "missing_lines": [], "excluded_lines": [], "start_line": 33}, "CommentResponse.Config": {"executed_lines": [], "summary": {"covered_lines": 0, "num_statements": 0, "percent_covered": 100.0, "percent_covered_display": "100", "missing_lines": 0, "excluded_lines": 0, "percent_statements_covered": 100.0, "percent_statements_covered_display": "100"}, "missing_lines": [], "excluded_lines": [], "start_line": 42}, "TaskBase": {"executed_lines": [], "summary": {"covered_lines": 0, "num_statements": 0, "percent_covered": 100.0, "percent_covered_display": "100", "missing_lines": 0, "excluded_lines": 0, "percent_statements_covered": 100.0, "percent_statements_covered_display": "100"}, "missing_lines": [], "excluded_lines": [], "start_line": 46}, "TaskCreate": {"executed_lines": [], "summary": {"covered_lines": 0, "num_statements": 0, "percent_covered": 100.0, "percent_covered_display": "100", "missing_lines": 0, "excluded_lines": 0, "percent_statements_covered": 100.0, "percent_statements_covered_display": "100"}, "missing_lines": [], "excluded_lines": [], "start_line": 60}, "TaskResponse": {"executed_lines": [], "summary": {"covered_lines": 0, "num_statements": 0, "percent_covered": 100.0, "percent_covered_display": "100", "missing_lines": 0, "excluded_lines": 0, "percent_statements_covered": 100.0, "percent_statements_covered_display": "100"}, "missing_lines": [], "excluded_lines": [], "start_line": 64}, "TaskResponse.Config": {"executed_lines": [], "summary": {"covered_lines": 0, "num_statements": 0, "percent_covered": 100.0, "percent_covered_display": "100", "missing_lines": 0, "excluded_lines": 0, "percent_statements_covered": 100.0, "percent_statements_covered_display": "100"}, "missing_lines": [], "excluded_lines": [], "start_line": 70}, "ApprovalRequestBase": {"executed_lines": [], "summary": {"covered_lines": 0, "num_statements": 0, "percent_covered": 100.0, "percent_covered_display": "100", "missing_lines": 0, "excluded_lines": 0, "percent_statements_covered": 100.0, "percent_statements_covered_display": "100"}, "missing_lines": [], "excluded_lines": [], "start_line": 74}, "ApprovalRequestCreate": {"executed_lines": [], "summary": {"covered_lines": 0, "num_statements": 0, "percent_covered": 100.0, "percent_covered_display": "100", "missing_lines": 0, "excluded_lines": 0, "percent_statements_covered": 100.0, "percent_statements_covered_display": "100"}, "missing_lines": [], "excluded_lines": [], "start_line": 84}, "ApprovalRequestResponse": {"executed_lines": [], "summary": {"covered_lines": 0, "num_statements": 0, "percent_covered": 100.0, "percent_covered_display": "100", "missing_lines": 0, "excluded_lines": 0, "percent_statements_covered": 100.0, "percent_statements_covered_display": "100"}, "missing_lines": [], "excluded_lines": [], "start_line": 88}, "ApprovalRequestResponse.Config": {"executed_lines": [], "summary": {"covered_lines": 0, "num_statements": 0, "percent_covered": 100.0, "percent_covered_display": "100", "missing_lines": 0, "excluded_lines": 0, "percent_statements_covered": 100.0, "percent_statements_covered_display": "100"}, "missing_lines": [], "excluded_lines": [], "start_line": 96}, "ApprovalResponseBase": {"executed_lines": [], "summary": {"covered_lines": 0, "num_statements": 0, "percent_covered": 100.0, "percent_covered_display": "100", "missing_lines": 0, "excluded_lines": 0, "percent_statements_covered": 100.0, "percent_statements_covered_display": "100"}, "missing_lines": [], "excluded_lines": [], "start_line": 100}, "ApprovalResponseCreate": {"executed_lines": [], "summary": {"covered_lines": 0, "num_statements": 0, "percent_covered": 100.0, "percent_covered_display": "100", "missing_lines": 0, "excluded_lines": 0, "percent_statements_covered": 100.0, "percent_statements_covered_display": "100"}, "missing_lines": [], "excluded_lines": [], "start_line": 106}, "": {"executed_lines": [6, 7, 8, 9, 10, 11, 12, 13, 14, 16, 20, 21, 22, 23, 24, 25, 26, 29, 30, 33, 38, 39, 40, 42, 43, 46, 47, 48, 49, 50, 51, 52, 53, 54, 55, 56, 57, 60, 61, 64, 68, 70, 71, 74, 75, 76, 77, 78, 79, 80, 81, 84, 85, 88, 91, 94, 96, 97, 100, 102, 103, 106, 107, 113, 114, 134, 135, 143, 144, 159, 160, 179, 180, 190, 191, 199, 200, 212, 213, 227, 228, 241, 242, 250, 251, 263, 264, 277, 278, 291, 292], "summary": {"covered_lines": 91, "num_statements": 126, "percent_covered": 72.22222222222223, "percent_covered_display": "72", "missing_lines": 35, "excluded_lines": 0, "percent_statements_covered": 72.22222222222223, "percent_statements_covered_display": "72"}, "missing_lines": [118, 128, 129, 130, 131, 137, 138, 139, 140, 150, 151, 152, 153, 154, 155, 156, 166, 167, 168, 170, 171, 172, 173, 174, 175, 184, 193, 206, 220, 235, 244, 257, 270, 287, 296], "excluded_lines": [], "start_line": 1}}}, "src/audiobook_studio/api/config.py": {"executed_lines": [3, 4, 5, 7, 13, 16, 20, 23, 25, 30, 32, 37, 42, 45, 46, 48, 50, 58, 59, 61, 62, 69, 70, 72, 73, 80, 81, 83, 84, 91, 92, 94, 95, 96, 98, 109, 110, 114, 118, 119, 129, 130, 132, 133], "summary": {"covered_lines": 44, "num_statements": 44, "percent_covered": 100.0, "percent_covered_display": "100", "missing_lines": 0, "excluded_lines": 0, "percent_statements_covered": 100.0, "percent_statements_covered_display": "100"}, "missing_lines": [], "excluded_lines": [], "functions": {"get_config_status": {"executed_lines": [48, 50], "summary": {"covered_lines": 2, "num_statements": 2, "percent_covered": 100.0, "percent_covered_display": "100", "missing_lines": 0, "excluded_lines": 0, "percent_statements_covered": 100.0, "percent_statements_covered_display": "100"}, "missing_lines": [], "excluded_lines": [], "start_line": 46}, "reload_constitutional_rules": {"executed_lines": [61, 62], "summary": {"covered_lines": 2, "num_statements": 2, "percent_covered": 100.0, "percent_covered_display": "100", "missing_lines": 0, "excluded_lines": 0, "percent_statements_covered": 100.0, "percent_statements_covered_display": "100"}, "missing_lines": [], "excluded_lines": [], "start_line": 59}, "reload_quality_thresholds": {"executed_lines": [72, 73], "summary": {"covered_lines": 2, "num_statements": 2, "percent_covered": 100.0, "percent_covered_display": "100", "missing_lines": 0, "excluded_lines": 0, "percent_statements_covered": 100.0, "percent_statements_covered_display": "100"}, "missing_lines": [], "excluded_lines": [], "start_line": 70}, "reload_contract_versions": {"executed_lines": [83, 84], "summary": {"covered_lines": 2, "num_statements": 2, "percent_covered": 100.0, "percent_covered_display": "100", "missing_lines": 0, "excluded_lines": 0, "percent_statements_covered": 100.0, "percent_statements_covered_display": "100"}, "missing_lines": [], "excluded_lines": [], "start_line": 81}, "reload_all_configs": {"executed_lines": [94, 95, 96, 98], "summary": {"covered_lines": 4, "num_statements": 4, "percent_covered": 100.0, "percent_covered_display": "100", "missing_lines": 0, "excluded_lines": 0, "percent_statements_covered": 100.0, "percent_statements_covered_display": "100"}, "missing_lines": [], "excluded_lines": [], "start_line": 92}, "update_constitutional_rules": {"executed_lines": [114, 118, 119], "summary": {"covered_lines": 3, "num_statements": 3, "percent_covered": 100.0, "percent_covered_display": "100", "missing_lines": 0, "excluded_lines": 0, "percent_statements_covered": 100.0, "percent_statements_covered_display": "100"}, "missing_lines": [], "excluded_lines": [], "start_line": 110}, "update_quality_thresholds": {"executed_lines": [132, 133], "summary": {"covered_lines": 2, "num_statements": 2, "percent_covered": 100.0, "percent_covered_display": "100", "missing_lines": 0, "excluded_lines": 0, "percent_statements_covered": 100.0, "percent_statements_covered_display": "100"}, "missing_lines": [], "excluded_lines": [], "start_line": 130}, "": {"executed_lines": [3, 4, 5, 7, 13, 16, 20, 23, 25, 30, 32, 37, 42, 45, 46, 58, 59, 69, 70, 80, 81, 91, 92, 109, 110, 129, 130], "summary": {"covered_lines": 27, "num_statements": 27, "percent_covered": 100.0, "percent_covered_display": "100", "missing_lines": 0, "excluded_lines": 0, "percent_statements_covered": 100.0, "percent_statements_covered_display": "100"}, "missing_lines": [], "excluded_lines": [], "start_line": 1}}, "classes": {"ConfigReloadResponse": {"executed_lines": [], "summary": {"covered_lines": 0, "num_statements": 0, "percent_covered": 100.0, "percent_covered_display": "100", "missing_lines": 0, "excluded_lines": 0, "percent_statements_covered": 100.0, "percent_statements_covered_display": "100"}, "missing_lines": [], "excluded_lines": [], "start_line": 16}, "RuleUpdateRequest": {"executed_lines": [], "summary": {"covered_lines": 0, "num_statements": 0, "percent_covered": 100.0, "percent_covered_display": "100", "missing_lines": 0, "excluded_lines": 0, "percent_statements_covered": 100.0, "percent_statements_covered_display": "100"}, "missing_lines": [], "excluded_lines": [], "start_line": 23}, "ThresholdUpdateRequest": {"executed_lines": [], "summary": {"covered_lines": 0, "num_statements": 0, "percent_covered": 100.0, "percent_covered_display": "100", "missing_lines": 0, "excluded_lines": 0, "percent_statements_covered": 100.0, "percent_statements_covered_display": "100"}, "missing_lines": [], "excluded_lines": [], "start_line": 30}, "ConfigStatusResponse": {"executed_lines": [], "summary": {"covered_lines": 0, "num_statements": 0, "percent_covered": 100.0, "percent_covered_display": "100", "missing_lines": 0, "excluded_lines": 0, "percent_statements_covered": 100.0, "percent_statements_covered_display": "100"}, "missing_lines": [], "excluded_lines": [], "start_line": 37}, "": {"executed_lines": [3, 4, 5, 7, 13, 16, 20, 23, 25, 30, 32, 37, 42, 45, 46, 48, 50, 58, 59, 61, 62, 69, 70, 72, 73, 80, 81, 83, 84, 91, 92, 94, 95, 96, 98, 109, 110, 114, 118, 119, 129, 130, 132, 133], "summary": {"covered_lines": 44, "num_statements": 44, "percent_covered": 100.0, "percent_covered_display": "100", "missing_lines": 0, "excluded_lines": 0, "percent_statements_covered": 100.0, "percent_statements_covered_display": "100"}, "missing_lines": [], "excluded_lines": [], "start_line": 1}}}, "src/audiobook_studio/api/dependencies.py": {"executed_lines": [7, 9, 11, 14], "summary": {"covered_lines": 4, "num_statements": 8, "percent_covered": 50.0, "percent_covered_display": "50", "missing_lines": 4, "excluded_lines": 0, "percent_statements_covered": 50.0, "percent_statements_covered_display": "50"}, "missing_lines": [19, 20, 21, 23], "excluded_lines": [], "functions": {"get_db": {"executed_lines": [], "summary": {"covered_lines": 0, "num_statements": 4, "percent_covered": 0.0, "percent_covered_display": "0", "missing_lines": 4, "excluded_lines": 0, "percent_statements_covered": 0.0, "percent_statements_covered_display": "0"}, "missing_lines": [19, 20, 21, 23], "excluded_lines": [], "start_line": 14}, "": {"executed_lines": [7, 9, 11, 14], "summary": {"covered_lines": 4, "num_statements": 4, "percent_covered": 100.0, "percent_covered_display": "100", "missing_lines": 0, "excluded_lines": 0, "percent_statements_covered": 100.0, "percent_statements_covered_display": "100"}, "missing_lines": [], "excluded_lines": [], "start_line": 1}}, "classes": {"": {"executed_lines": [7, 9, 11, 14], "summary": {"covered_lines": 4, "num_statements": 8, "percent_covered": 50.0, "percent_covered_display": "50", "missing_lines": 4, "excluded_lines": 0, "percent_statements_covered": 50.0, "percent_statements_covered_display": "50"}, "missing_lines": [19, 20, 21, 23], "excluded_lines": [], "start_line": 1}}}, "src/audiobook_studio/api/export.py": {"executed_lines": [9, 10, 11, 12, 14, 15, 16, 18, 24, 25, 27, 29, 35, 37, 38, 39, 40, 41, 42, 43, 44, 47, 50, 51, 52, 55, 63, 69, 70, 72, 101, 102, 113, 114, 118, 119, 120, 121, 122, 123, 129, 130, 131, 132, 137, 151, 152, 158, 159, 161, 162, 166, 174, 175, 180, 181, 185, 186, 188, 189, 202, 203], "summary": {"covered_lines": 62, "num_statements": 79, "percent_covered": 78.48101265822785, "percent_covered_display": "78", "missing_lines": 17, "excluded_lines": 0, "percent_statements_covered": 78.48101265822785, "percent_statements_covered_display": "78"}, "missing_lines": [115, 153, 154, 155, 156, 160, 164, 182, 194, 210, 212, 213, 214, 216, 223, 224, 229], "excluded_lines": [], "functions": {"list_export_formats": {"executed_lines": [72], "summary": {"covered_lines": 1, "num_statements": 1, "percent_covered": 100.0, "percent_covered_display": "100", "missing_lines": 0, "excluded_lines": 0, "percent_statements_covered": 100.0, "percent_statements_covered_display": "100"}, "missing_lines": [], "excluded_lines": [], "start_line": 70}, "start_export": {"executed_lines": [113, 114, 118, 119, 120, 121, 122, 123, 129, 130, 131, 132, 137, 151, 152, 158, 159, 161, 162, 166], "summary": {"covered_lines": 20, "num_statements": 27, "percent_covered": 74.07407407407408, "percent_covered_display": "74", "missing_lines": 7, "excluded_lines": 0, "percent_statements_covered": 74.07407407407408, "percent_statements_covered_display": "74"}, "missing_lines": [115, 153, 154, 155, 156, 160, 164], "excluded_lines": [], "start_line": 102}, "get_export_status": {"executed_lines": [180, 181, 185, 186, 188, 189], "summary": {"covered_lines": 6, "num_statements": 8, "percent_covered": 75.0, "percent_covered_display": "75", "missing_lines": 2, "excluded_lines": 0, "percent_statements_covered": 75.0, "percent_statements_covered_display": "75"}, "missing_lines": [182, 194], "excluded_lines": [], "start_line": 175}, "export_single_chapter": {"executed_lines": [], "summary": {"covered_lines": 0, "num_statements": 8, "percent_covered": 0.0, "percent_covered_display": "0", "missing_lines": 8, "excluded_lines": 0, "percent_statements_covered": 0.0, "percent_statements_covered_display": "0"}, "missing_lines": [210, 212, 213, 214, 216, 223, 224, 229], "excluded_lines": [], "start_line": 203}, "": {"executed_lines": [9, 10, 11, 12, 14, 15, 16, 18, 24, 25, 27, 29, 35, 37, 38, 39, 40, 41, 42, 43, 44, 47, 50, 51, 52, 55, 63, 69, 70, 101, 102, 174, 175, 202, 203], "summary": {"covered_lines": 35, "num_statements": 35, "percent_covered": 100.0, "percent_covered_display": "100", "missing_lines": 0, "excluded_lines": 0, "percent_statements_covered": 100.0, "percent_statements_covered_display": "100"}, "missing_lines": [], "excluded_lines": [], "start_line": 1}}, "classes": {"ExportRequest": {"executed_lines": [], "summary": {"covered_lines": 0, "num_statements": 0, "percent_covered": 100.0, "percent_covered_display": "100", "missing_lines": 0, "excluded_lines": 0, "percent_statements_covered": 100.0, "percent_statements_covered_display": "100"}, "missing_lines": [], "excluded_lines": [], "start_line": 35}, "ExportStatusOut": {"executed_lines": [], "summary": {"covered_lines": 0, "num_statements": 0, "percent_covered": 100.0, "percent_covered_display": "100", "missing_lines": 0, "excluded_lines": 0, "percent_statements_covered": 100.0, "percent_statements_covered_display": "100"}, "missing_lines": [], "excluded_lines": [], "start_line": 47}, "FormatInfo": {"executed_lines": [], "summary": {"covered_lines": 0, "num_statements": 0, "percent_covered": 100.0, "percent_covered_display": "100", "missing_lines": 0, "excluded_lines": 0, "percent_statements_covered": 100.0, "percent_statements_covered_display": "100"}, "missing_lines": [], "excluded_lines": [], "start_line": 55}, "": {"executed_lines": [9, 10, 11, 12, 14, 15, 16, 18, 24, 25, 27, 29, 35, 37, 38, 39, 40, 41, 42, 43, 44, 47, 50, 51, 52, 55, 63, 69, 70, 72, 101, 102, 113, 114, 118, 119, 120, 121, 122, 123, 129, 130, 131, 132, 137, 151, 152, 158, 159, 161, 162, 166, 174, 175, 180, 181, 185, 186, 188, 189, 202, 203], "summary": {"covered_lines": 62, "num_statements": 79, "percent_covered": 78.48101265822785, "percent_covered_display": "78", "missing_lines": 17, "excluded_lines": 0, "percent_statements_covered": 78.48101265822785, "percent_statements_covered_display": "78"}, "missing_lines": [115, 153, 154, 155, 156, 160, 164, 182, 194, 210, 212, 213, 214, 216, 223, 224, 229], "excluded_lines": [], "start_line": 1}}}, "src/audiobook_studio/api/paragraphs.py": {"executed_lines": [3, 5, 6, 8, 9, 10, 12, 15, 16, 17, 18, 19, 20, 21, 24, 25, 26, 27, 30, 31, 32, 33, 34, 35, 38, 39, 42, 43, 44, 45, 46, 47, 48, 49, 52, 53, 54, 55, 56, 57, 58, 59], "summary": {"covered_lines": 42, "num_statements": 42, "percent_covered": 100.0, "percent_covered_display": "100", "missing_lines": 0, "excluded_lines": 0, "percent_statements_covered": 100.0, "percent_statements_covered_display": "100"}, "missing_lines": [], "excluded_lines": [], "functions": {"create_paragraph": {"executed_lines": [17, 18, 19, 20, 21], "summary": {"covered_lines": 5, "num_statements": 5, "percent_covered": 100.0, "percent_covered_display": "100", "missing_lines": 0, "excluded_lines": 0, "percent_statements_covered": 100.0, "percent_statements_covered_display": "100"}, "missing_lines": [], "excluded_lines": [], "start_line": 16}, "list_paragraphs": {"executed_lines": [26, 27], "summary": {"covered_lines": 2, "num_statements": 2, "percent_covered": 100.0, "percent_covered_display": "100", "missing_lines": 0, "excluded_lines": 0, "percent_statements_covered": 100.0, "percent_statements_covered_display": "100"}, "missing_lines": [], "excluded_lines": [], "start_line": 25}, "get_paragraph": {"executed_lines": [32, 33, 34, 35], "summary": {"covered_lines": 4, "num_statements": 4, "percent_covered": 100.0, "percent_covered_display": "100", "missing_lines": 0, "excluded_lines": 0, "percent_statements_covered": 100.0, "percent_statements_covered_display": "100"}, "missing_lines": [], "excluded_lines": [], "start_line": 31}, "update_paragraph": {"executed_lines": [42, 43, 44, 45, 46, 47, 48, 49], "summary": {"covered_lines": 8, "num_statements": 8, "percent_covered": 100.0, "percent_covered_display": "100", "missing_lines": 0, "excluded_lines": 0, "percent_statements_covered": 100.0, "percent_statements_covered_display": "100"}, "missing_lines": [], "excluded_lines": [], "start_line": 39}, "delete_paragraph": {"executed_lines": [54, 55, 56, 57, 58, 59], "summary": {"covered_lines": 6, "num_statements": 6, "percent_covered": 100.0, "percent_covered_display": "100", "missing_lines": 0, "excluded_lines": 0, "percent_statements_covered": 100.0, "percent_statements_covered_display": "100"}, "missing_lines": [], "excluded_lines": [], "start_line": 53}, "": {"executed_lines": [3, 5, 6, 8, 9, 10, 12, 15, 16, 24, 25, 30, 31, 38, 39, 52, 53], "summary": {"covered_lines": 17, "num_statements": 17, "percent_covered": 100.0, "percent_covered_display": "100", "missing_lines": 0, "excluded_lines": 0, "percent_statements_covered": 100.0, "percent_statements_covered_display": "100"}, "missing_lines": [], "excluded_lines": [], "start_line": 1}}, "classes": {"": {"executed_lines": [3, 5, 6, 8, 9, 10, 12, 15, 16, 17, 18, 19, 20, 21, 24, 25, 26, 27, 30, 31, 32, 33, 34, 35, 38, 39, 42, 43, 44, 45, 46, 47, 48, 49, 52, 53, 54, 55, 56, 57, 58, 59], "summary": {"covered_lines": 42, "num_statements": 42, "percent_covered": 100.0, "percent_covered_display": "100", "missing_lines": 0, "excluded_lines": 0, "percent_statements_covered": 100.0, "percent_statements_covered_display": "100"}, "missing_lines": [], "excluded_lines": [], "start_line": 1}}}, "src/audiobook_studio/api/projects.py": {"executed_lines": [11, 12, 14, 15, 16, 18, 19, 21, 23, 29, 31, 32, 33, 34, 35, 36, 39, 42, 43, 45, 47, 50, 51, 53, 54, 57, 61, 74, 75, 78, 84, 85, 86, 87, 88, 89, 92, 93, 99, 100, 102, 103, 104, 105, 106, 109, 110, 116, 119, 120, 122, 123, 124, 125, 128, 129, 135, 136, 138, 139, 140, 141, 142, 145, 146, 148, 149, 151, 152, 153, 159, 160, 167, 168, 170, 180, 181, 187, 195, 196, 203, 207, 215, 223, 224, 238, 242], "summary": {"covered_lines": 87, "num_statements": 96, "percent_covered": 90.625, "percent_covered_display": "91", "missing_lines": 9, "excluded_lines": 0, "percent_statements_covered": 90.625, "percent_statements_covered_display": "91"}, "missing_lines": [137, 150, 169, 197, 225, 249, 258, 259, 260], "excluded_lines": [], "functions": {"create_project": {"executed_lines": [102, 103, 104, 105, 106], "summary": {"covered_lines": 5, "num_statements": 5, "percent_covered": 100.0, "percent_covered_display": "100", "missing_lines": 0, "excluded_lines": 0, "percent_statements_covered": 100.0, "percent_statements_covered_display": "100"}, "missing_lines": [], "excluded_lines": [], "start_line": 100}, "list_projects": {"executed_lines": [116], "summary": {"covered_lines": 1, "num_statements": 1, "percent_covered": 100.0, "percent_covered_display": "100", "missing_lines": 0, "excluded_lines": 0, "percent_statements_covered": 100.0, "percent_statements_covered_display": "100"}, "missing_lines": [], "excluded_lines": [], "start_line": 110}, "get_project": {"executed_lines": [122, 123, 124, 125], "summary": {"covered_lines": 4, "num_statements": 4, "percent_covered": 100.0, "percent_covered_display": "100", "missing_lines": 0, "excluded_lines": 0, "percent_statements_covered": 100.0, "percent_statements_covered_display": "100"}, "missing_lines": [], "excluded_lines": [], "start_line": 120}, "update_project": {"executed_lines": [135, 136, 138, 139, 140, 141, 142], "summary": {"covered_lines": 7, "num_statements": 8, "percent_covered": 87.5, "percent_covered_display": "88", "missing_lines": 1, "excluded_lines": 0, "percent_statements_covered": 87.5, "percent_statements_covered_display": "88"}, "missing_lines": [137], "excluded_lines": [], "start_line": 129}, "delete_project": {"executed_lines": [148, 149, 151, 152, 153], "summary": {"covered_lines": 5, "num_statements": 6, "percent_covered": 83.33333333333333, "percent_covered_display": "83", "missing_lines": 1, "excluded_lines": 0, "percent_statements_covered": 83.33333333333333, "percent_statements_covered_display": "83"}, "missing_lines": [150], "excluded_lines": [], "start_line": 146}, "list_chapters": {"executed_lines": [167, 168, 170], "summary": {"covered_lines": 3, "num_statements": 4, "percent_covered": 75.0, "percent_covered_display": "75", "missing_lines": 1, "excluded_lines": 0, "percent_statements_covered": 75.0, "percent_statements_covered_display": "75"}, "missing_lines": [169], "excluded_lines": [], "start_line": 160}, "get_chapter": {"executed_lines": [187, 195, 196], "summary": {"covered_lines": 3, "num_statements": 4, "percent_covered": 75.0, "percent_covered_display": "75", "missing_lines": 1, "excluded_lines": 0, "percent_statements_covered": 75.0, "percent_statements_covered_display": "75"}, "missing_lines": [197], "excluded_lines": [], "start_line": 181}, "list_paragraphs": {"executed_lines": [215, 223, 224], "summary": {"covered_lines": 3, "num_statements": 4, "percent_covered": 75.0, "percent_covered_display": "75", "missing_lines": 1, "excluded_lines": 0, "percent_statements_covered": 75.0, "percent_statements_covered_display": "75"}, "missing_lines": [225], "excluded_lines": [], "start_line": 207}, "get_paragraph": {"executed_lines": [], "summary": {"covered_lines": 0, "num_statements": 4, "percent_covered": 0.0, "percent_covered_display": "0", "missing_lines": 4, "excluded_lines": 0, "percent_statements_covered": 0.0, "percent_statements_covered_display": "0"}, "missing_lines": [249, 258, 259, 260], "excluded_lines": [], "start_line": 242}, "": {"executed_lines": [11, 12, 14, 15, 16, 18, 19, 21, 23, 29, 31, 32, 33, 34, 35, 36, 39, 42, 43, 45, 47, 50, 51, 53, 54, 57, 61, 74, 75, 78, 84, 85, 86, 87, 88, 89, 92, 93, 99, 100, 109, 110, 119, 120, 128, 129, 145, 146, 159, 160, 180, 181, 203, 207, 238, 242], "summary": {"covered_lines": 56, "num_statements": 56, "percent_covered": 100.0, "percent_covered_display": "100", "missing_lines": 0, "excluded_lines": 0, "percent_statements_covered": 100.0, "percent_statements_covered_display": "100"}, "missing_lines": [], "excluded_lines": [], "start_line": 1}}, "classes": {"ProjectCreate": {"executed_lines": [], "summary": {"covered_lines": 0, "num_statements": 0, "percent_covered": 100.0, "percent_covered_display": "100", "missing_lines": 0, "excluded_lines": 0, "percent_statements_covered": 100.0, "percent_statements_covered_display": "100"}, "missing_lines": [], "excluded_lines": [], "start_line": 29}, "ProjectOut": {"executed_lines": [], "summary": {"covered_lines": 0, "num_statements": 0, "percent_covered": 100.0, "percent_covered_display": "100", "missing_lines": 0, "excluded_lines": 0, "percent_statements_covered": 100.0, "percent_statements_covered_display": "100"}, "missing_lines": [], "excluded_lines": [], "start_line": 39}, "ProjectOut.Config": {"executed_lines": [], "summary": {"covered_lines": 0, "num_statements": 0, "percent_covered": 100.0, "percent_covered_display": "100", "missing_lines": 0, "excluded_lines": 0, "percent_statements_covered": 100.0, "percent_statements_covered_display": "100"}, "missing_lines": [], "excluded_lines": [], "start_line": 53}, "ChapterOut": {"executed_lines": [], "summary": {"covered_lines": 0, "num_statements": 0, "percent_covered": 100.0, "percent_covered_display": "100", "missing_lines": 0, "excluded_lines": 0, "percent_statements_covered": 100.0, "percent_statements_covered_display": "100"}, "missing_lines": [], "excluded_lines": [], "start_line": 57}, "ChapterOut.Config": {"executed_lines": [], "summary": {"covered_lines": 0, "num_statements": 0, "percent_covered": 100.0, "percent_covered_display": "100", "missing_lines": 0, "excluded_lines": 0, "percent_statements_covered": 100.0, "percent_statements_covered_display": "100"}, "missing_lines": [], "excluded_lines": [], "start_line": 74}, "ParagraphOut": {"executed_lines": [], "summary": {"covered_lines": 0, "num_statements": 0, "percent_covered": 100.0, "percent_covered_display": "100", "missing_lines": 0, "excluded_lines": 0, "percent_statements_covered": 100.0, "percent_statements_covered_display": "100"}, "missing_lines": [], "excluded_lines": [], "start_line": 78}, "ParagraphOut.Config": {"executed_lines": [], "summary": {"covered_lines": 0, "num_statements": 0, "percent_covered": 100.0, "percent_covered_display": "100", "missing_lines": 0, "excluded_lines": 0, "percent_statements_covered": 100.0, "percent_statements_covered_display": "100"}, "missing_lines": [], "excluded_lines": [], "start_line": 92}, "": {"executed_lines": [11, 12, 14, 15, 16, 18, 19, 21, 23, 29, 31, 32, 33, 34, 35, 36, 39, 42, 43, 45, 47, 50, 51, 53, 54, 57, 61, 74, 75, 78, 84, 85, 86, 87, 88, 89, 92, 93, 99, 100, 102, 103, 104, 105, 106, 109, 110, 116, 119, 120, 122, 123, 124, 125, 128, 129, 135, 136, 138, 139, 140, 141, 142, 145, 146, 148, 149, 151, 152, 153, 159, 160, 167, 168, 170, 180, 181, 187, 195, 196, 203, 207, 215, 223, 224, 238, 242], "summary": {"covered_lines": 87, "num_statements": 96, "percent_covered": 90.625, "percent_covered_display": "91", "missing_lines": 9, "excluded_lines": 0, "percent_statements_covered": 90.625, "percent_statements_covered_display": "91"}, "missing_lines": [137, 150, 169, 197, 225, 249, 258, 259, 260], "excluded_lines": [], "start_line": 1}}}, "src/audiobook_studio/api/qualities.py": {"executed_lines": [3, 5, 6, 8, 9, 10, 12, 15, 16, 17, 18, 19, 20, 21, 24, 25, 26, 27, 30, 31, 32, 33, 34, 35, 38, 39, 42, 43, 44, 45, 46, 47, 48, 49, 52, 53, 54, 55, 56, 57, 58, 59], "summary": {"covered_lines": 42, "num_statements": 42, "percent_covered": 100.0, "percent_covered_display": "100", "missing_lines": 0, "excluded_lines": 0, "percent_statements_covered": 100.0, "percent_statements_covered_display": "100"}, "missing_lines": [], "excluded_lines": [], "functions": {"create_quality": {"executed_lines": [17, 18, 19, 20, 21], "summary": {"covered_lines": 5, "num_statements": 5, "percent_covered": 100.0, "percent_covered_display": "100", "missing_lines": 0, "excluded_lines": 0, "percent_statements_covered": 100.0, "percent_statements_covered_display": "100"}, "missing_lines": [], "excluded_lines": [], "start_line": 16}, "list_qualities": {"executed_lines": [26, 27], "summary": {"covered_lines": 2, "num_statements": 2, "percent_covered": 100.0, "percent_covered_display": "100", "missing_lines": 0, "excluded_lines": 0, "percent_statements_covered": 100.0, "percent_statements_covered_display": "100"}, "missing_lines": [], "excluded_lines": [], "start_line": 25}, "get_quality": {"executed_lines": [32, 33, 34, 35], "summary": {"covered_lines": 4, "num_statements": 4, "percent_covered": 100.0, "percent_covered_display": "100", "missing_lines": 0, "excluded_lines": 0, "percent_statements_covered": 100.0, "percent_statements_covered_display": "100"}, "missing_lines": [], "excluded_lines": [], "start_line": 31}, "update_quality": {"executed_lines": [42, 43, 44, 45, 46, 47, 48, 49], "summary": {"covered_lines": 8, "num_statements": 8, "percent_covered": 100.0, "percent_covered_display": "100", "missing_lines": 0, "excluded_lines": 0, "percent_statements_covered": 100.0, "percent_statements_covered_display": "100"}, "missing_lines": [], "excluded_lines": [], "start_line": 39}, "delete_quality": {"executed_lines": [54, 55, 56, 57, 58, 59], "summary": {"covered_lines": 6, "num_statements": 6, "percent_covered": 100.0, "percent_covered_display": "100", "missing_lines": 0, "excluded_lines": 0, "percent_statements_covered": 100.0, "percent_statements_covered_display": "100"}, "missing_lines": [], "excluded_lines": [], "start_line": 53}, "": {"executed_lines": [3, 5, 6, 8, 9, 10, 12, 15, 16, 24, 25, 30, 31, 38, 39, 52, 53], "summary": {"covered_lines": 17, "num_statements": 17, "percent_covered": 100.0, "percent_covered_display": "100", "missing_lines": 0, "excluded_lines": 0, "percent_statements_covered": 100.0, "percent_statements_covered_display": "100"}, "missing_lines": [], "excluded_lines": [], "start_line": 1}}, "classes": {"": {"executed_lines": [3, 5, 6, 8, 9, 10, 12, 15, 16, 17, 18, 19, 20, 21, 24, 25, 26, 27, 30, 31, 32, 33, 34, 35, 38, 39, 42, 43, 44, 45, 46, 47, 48, 49, 52, 53, 54, 55, 56, 57, 58, 59], "summary": {"covered_lines": 42, "num_statements": 42, "percent_covered": 100.0, "percent_covered_display": "100", "missing_lines": 0, "excluded_lines": 0, "percent_statements_covered": 100.0, "percent_statements_covered_display": "100"}, "missing_lines": [], "excluded_lines": [], "start_line": 1}}}, "src/audiobook_studio/api/routings.py": {"executed_lines": [3, 5, 6, 8, 9, 10, 12, 15, 16, 17, 18, 19, 20, 21, 24, 25, 26, 27, 30, 31, 32, 33, 34, 35, 38, 39, 42, 43, 44, 45, 46, 47, 48, 49, 50, 51, 54, 55, 56, 57, 58, 59, 60, 61], "summary": {"covered_lines": 44, "num_statements": 44, "percent_covered": 100.0, "percent_covered_display": "100", "missing_lines": 0, "excluded_lines": 0, "percent_statements_covered": 100.0, "percent_statements_covered_display": "100"}, "missing_lines": [], "excluded_lines": [], "functions": {"create_routing": {"executed_lines": [17, 18, 19, 20, 21], "summary": {"covered_lines": 5, "num_statements": 5, "percent_covered": 100.0, "percent_covered_display": "100", "missing_lines": 0, "excluded_lines": 0, "percent_statements_covered": 100.0, "percent_statements_covered_display": "100"}, "missing_lines": [], "excluded_lines": [], "start_line": 16}, "list_routings": {"executed_lines": [26, 27], "summary": {"covered_lines": 2, "num_statements": 2, "percent_covered": 100.0, "percent_covered_display": "100", "missing_lines": 0, "excluded_lines": 0, "percent_statements_covered": 100.0, "percent_statements_covered_display": "100"}, "missing_lines": [], "excluded_lines": [], "start_line": 25}, "get_routing": {"executed_lines": [32, 33, 34, 35], "summary": {"covered_lines": 4, "num_statements": 4, "percent_covered": 100.0, "percent_covered_display": "100", "missing_lines": 0, "excluded_lines": 0, "percent_statements_covered": 100.0, "percent_statements_covered_display": "100"}, "missing_lines": [], "excluded_lines": [], "start_line": 31}, "update_routing": {"executed_lines": [42, 43, 44, 45, 46, 47, 48, 49, 50, 51], "summary": {"covered_lines": 10, "num_statements": 10, "percent_covered": 100.0, "percent_covered_display": "100", "missing_lines": 0, "excluded_lines": 0, "percent_statements_covered": 100.0, "percent_statements_covered_display": "100"}, "missing_lines": [], "excluded_lines": [], "start_line": 39}, "delete_routing": {"executed_lines": [56, 57, 58, 59, 60, 61], "summary": {"covered_lines": 6, "num_statements": 6, "percent_covered": 100.0, "percent_covered_display": "100", "missing_lines": 0, "excluded_lines": 0, "percent_statements_covered": 100.0, "percent_statements_covered_display": "100"}, "missing_lines": [], "excluded_lines": [], "start_line": 55}, "": {"executed_lines": [3, 5, 6, 8, 9, 10, 12, 15, 16, 24, 25, 30, 31, 38, 39, 54, 55], "summary": {"covered_lines": 17, "num_statements": 17, "percent_covered": 100.0, "percent_covered_display": "100", "missing_lines": 0, "excluded_lines": 0, "percent_statements_covered": 100.0, "percent_statements_covered_display": "100"}, "missing_lines": [], "excluded_lines": [], "start_line": 1}}, "classes": {"": {"executed_lines": [3, 5, 6, 8, 9, 10, 12, 15, 16, 17, 18, 19, 20, 21, 24, 25, 26, 27, 30, 31, 32, 33, 34, 35, 38, 39, 42, 43, 44, 45, 46, 47, 48, 49, 50, 51, 54, 55, 56, 57, 58, 59, 60, 61], "summary": {"covered_lines": 44, "num_statements": 44, "percent_covered": 100.0, "percent_covered_display": "100", "missing_lines": 0, "excluded_lines": 0, "percent_statements_covered": 100.0, "percent_statements_covered_display": "100"}, "missing_lines": [], "excluded_lines": [], "start_line": 1}}}, "src/audiobook_studio/api/tts_edits.py": {"executed_lines": [3, 5, 6, 8, 9, 10, 12, 15, 16, 17, 18, 19, 20, 21, 24, 25, 26, 27, 30, 31, 32, 33, 34, 35, 38, 39, 42, 43, 44, 45, 46, 47, 48, 49, 50, 51, 54, 55, 56, 57, 58, 59, 60, 61], "summary": {"covered_lines": 44, "num_statements": 44, "percent_covered": 100.0, "percent_covered_display": "100", "missing_lines": 0, "excluded_lines": 0, "percent_statements_covered": 100.0, "percent_statements_covered_display": "100"}, "missing_lines": [], "excluded_lines": [], "functions": {"create_tts_edit": {"executed_lines": [17, 18, 19, 20, 21], "summary": {"covered_lines": 5, "num_statements": 5, "percent_covered": 100.0, "percent_covered_display": "100", "missing_lines": 0, "excluded_lines": 0, "percent_statements_covered": 100.0, "percent_statements_covered_display": "100"}, "missing_lines": [], "excluded_lines": [], "start_line": 16}, "list_tts_edits": {"executed_lines": [26, 27], "summary": {"covered_lines": 2, "num_statements": 2, "percent_covered": 100.0, "percent_covered_display": "100", "missing_lines": 0, "excluded_lines": 0, "percent_statements_covered": 100.0, "percent_statements_covered_display": "100"}, "missing_lines": [], "excluded_lines": [], "start_line": 25}, "get_tts_edit": {"executed_lines": [32, 33, 34, 35], "summary": {"covered_lines": 4, "num_statements": 4, "percent_covered": 100.0, "percent_covered_display": "100", "missing_lines": 0, "excluded_lines": 0, "percent_statements_covered": 100.0, "percent_statements_covered_display": "100"}, "missing_lines": [], "excluded_lines": [], "start_line": 31}, "update_tts_edit": {"executed_lines": [42, 43, 44, 45, 46, 47, 48, 49, 50, 51], "summary": {"covered_lines": 10, "num_statements": 10, "percent_covered": 100.0, "percent_covered_display": "100", "missing_lines": 0, "excluded_lines": 0, "percent_statements_covered": 100.0, "percent_statements_covered_display": "100"}, "missing_lines": [], "excluded_lines": [], "start_line": 39}, "delete_tts_edit": {"executed_lines": [56, 57, 58, 59, 60, 61], "summary": {"covered_lines": 6, "num_statements": 6, "percent_covered": 100.0, "percent_covered_display": "100", "missing_lines": 0, "excluded_lines": 0, "percent_statements_covered": 100.0, "percent_statements_covered_display": "100"}, "missing_lines": [], "excluded_lines": [], "start_line": 55}, "": {"executed_lines": [3, 5, 6, 8, 9, 10, 12, 15, 16, 24, 25, 30, 31, 38, 39, 54, 55], "summary": {"covered_lines": 17, "num_statements": 17, "percent_covered": 100.0, "percent_covered_display": "100", "missing_lines": 0, "excluded_lines": 0, "percent_statements_covered": 100.0, "percent_statements_covered_display": "100"}, "missing_lines": [], "excluded_lines": [], "start_line": 1}}, "classes": {"": {"executed_lines": [3, 5, 6, 8, 9, 10, 12, 15, 16, 17, 18, 19, 20, 21, 24, 25, 26, 27, 30, 31, 32, 33, 34, 35, 38, 39, 42, 43, 44, 45, 46, 47, 48, 49, 50, 51, 54, 55, 56, 57, 58, 59, 60, 61], "summary": {"covered_lines": 44, "num_statements": 44, "percent_covered": 100.0, "percent_covered_display": "100", "missing_lines": 0, "excluded_lines": 0, "percent_statements_covered": 100.0, "percent_statements_covered_display": "100"}, "missing_lines": [], "excluded_lines": [], "start_line": 1}}}, "src/audiobook_studio/config/loader.py": {"executed_lines": [7, 8, 9, 10, 11, 13, 16, 17, 18, 21, 24, 38, 39, 40, 41, 42, 44, 45, 47, 48, 50, 51, 52, 58, 67, 68, 69, 70, 71, 73, 74, 76, 77, 79, 80, 81, 87, 89, 123, 132, 133, 134, 135, 136, 138, 139, 141, 142, 144, 145, 146, 152, 154, 171, 470, 521, 534, 547, 560, 573, 586, 599, 600, 601, 602, 604, 605, 607, 608, 609, 610, 612, 613, 616, 618, 621], "summary": {"covered_lines": 76, "num_statements": 126, "percent_covered": 60.317460317460316, "percent_covered_display": "60", "missing_lines": 50, "excluded_lines": 0, "percent_statements_covered": 60.317460317460316, "percent_statements_covered_display": "60"}, "missing_lines": [53, 54, 55, 82, 83, 84, 147, 148, 149, 173, 489, 490, 491, 492, 493, 494, 496, 499, 500, 501, 503, 504, 505, 507, 508, 509, 511, 513, 514, 515, 516, 517, 518, 530, 531, 543, 544, 556, 557, 569, 570, 582, 583, 617, 619, 623, 624, 625, 626, 628], "excluded_lines": [], "functions": {"load_rules": {"executed_lines": [38, 39, 40, 41, 42, 44, 45, 47, 48, 50, 51, 52], "summary": {"covered_lines": 12, "num_statements": 15, "percent_covered": 80.0, "percent_covered_display": "80", "missing_lines": 3, "excluded_lines": 0, "percent_statements_covered": 80.0, "percent_statements_covered_display": "80"}, "missing_lines": [53, 54, 55], "excluded_lines": [], "start_line": 24}, "load_quality_thresholds": {"executed_lines": [67, 68, 69, 70, 71, 73, 74, 76, 77, 79, 80, 81], "summary": {"covered_lines": 12, "num_statements": 15, "percent_covered": 80.0, "percent_covered_display": "80", "missing_lines": 3, "excluded_lines": 0, "percent_statements_covered": 80.0, "percent_statements_covered_display": "80"}, "missing_lines": [82, 83, 84], "excluded_lines": [], "start_line": 58}, "_get_default_quality_thresholds": {"executed_lines": [89], "summary": {"covered_lines": 1, "num_statements": 1, "percent_covered": 100.0, "percent_covered_display": "100", "missing_lines": 0, "excluded_lines": 0, "percent_statements_covered": 100.0, "percent_statements_covered_display": "100"}, "missing_lines": [], "excluded_lines": [], "start_line": 87}, "load_contract_versions": {"executed_lines": [132, 133, 134, 135, 136, 138, 139, 141, 142, 144, 145, 146], "summary": {"covered_lines": 12, "num_statements": 15, "percent_covered": 80.0, "percent_covered_display": "80", "missing_lines": 3, "excluded_lines": 0, "percent_statements_covered": 80.0, "percent_statements_covered_display": "80"}, "missing_lines": [147, 148, 149], "excluded_lines": [], "start_line": 123}, "_get_default_contract_versions": {"executed_lines": [154], "summary": {"covered_lines": 1, "num_statements": 1, "percent_covered": 100.0, "percent_covered_display": "100", "missing_lines": 0, "excluded_lines": 0, "percent_statements_covered": 100.0, "percent_statements_covered_display": "100"}, "missing_lines": [], "excluded_lines": [], "start_line": 152}, "_get_default_pipeline_config": {"executed_lines": [], "summary": {"covered_lines": 0, "num_statements": 1, "percent_covered": 0.0, "percent_covered_display": "0", "missing_lines": 1, "excluded_lines": 0, "percent_statements_covered": 0.0, "percent_statements_covered_display": "0"}, "missing_lines": [173], "excluded_lines": [], "start_line": 171}, "load_pipeline_config": {"executed_lines": [], "summary": {"covered_lines": 0, "num_statements": 23, "percent_covered": 0.0, "percent_covered_display": "0", "missing_lines": 23, "excluded_lines": 0, "percent_statements_covered": 0.0, "percent_statements_covered_display": "0"}, "missing_lines": [489, 490, 491, 492, 493, 494, 496, 499, 500, 501, 503, 504, 505, 507, 508, 509, 511, 513, 514, 515, 516, 517, 518], "excluded_lines": [], "start_line": 470}, "get_quality_thresholds": {"executed_lines": [], "summary": {"covered_lines": 0, "num_statements": 2, "percent_covered": 0.0, "percent_covered_display": "0", "missing_lines": 2, "excluded_lines": 0, "percent_statements_covered": 0.0, "percent_statements_covered_display": "0"}, "missing_lines": [530, 531], "excluded_lines": [], "start_line": 521}, "get_constitutional_rules": {"executed_lines": [], "summary": {"covered_lines": 0, "num_statements": 2, "percent_covered": 0.0, "percent_covered_display": "0", "missing_lines": 2, "excluded_lines": 0, "percent_statements_covered": 0.0, "percent_statements_covered_display": "0"}, "missing_lines": [543, 544], "excluded_lines": [], "start_line": 534}, "get_difficulty_weights": {"executed_lines": [], "summary": {"covered_lines": 0, "num_statements": 2, "percent_covered": 0.0, "percent_covered_display": "0", "missing_lines": 2, "excluded_lines": 0, "percent_statements_covered": 0.0, "percent_statements_covered_display": "0"}, "missing_lines": [556, 557], "excluded_lines": [], "start_line": 547}, "get_voice_mapping": {"executed_lines": [], "summary": {"covered_lines": 0, "num_statements": 2, "percent_covered": 0.0, "percent_covered_display": "0", "missing_lines": 2, "excluded_lines": 0, "percent_statements_covered": 0.0, "percent_statements_covered_display": "0"}, "missing_lines": [569, 570], "excluded_lines": [], "start_line": 560}, "get_promotion_thresholds": {"executed_lines": [], "summary": {"covered_lines": 0, "num_statements": 2, "percent_covered": 0.0, "percent_covered_display": "0", "missing_lines": 2, "excluded_lines": 0, "percent_statements_covered": 0.0, "percent_statements_covered_display": "0"}, "missing_lines": [582, 583], "excluded_lines": [], "start_line": 573}, "reload_config_if_changed": {"executed_lines": [599, 600, 601, 602, 604, 605, 607, 608, 609, 610, 612, 613, 616, 618, 621], "summary": {"covered_lines": 15, "num_statements": 22, "percent_covered": 68.18181818181819, "percent_covered_display": "68", "missing_lines": 7, "excluded_lines": 0, "percent_statements_covered": 68.18181818181819, "percent_statements_covered_display": "68"}, "missing_lines": [617, 619, 623, 624, 625, 626, 628], "excluded_lines": [], "start_line": 586}, "": {"executed_lines": [7, 8, 9, 10, 11, 13, 16, 17, 18, 21, 24, 58, 87, 123, 152, 171, 470, 521, 534, 547, 560, 573, 586], "summary": {"covered_lines": 23, "num_statements": 23, "percent_covered": 100.0, "percent_covered_display": "100", "missing_lines": 0, "excluded_lines": 0, "percent_statements_covered": 100.0, "percent_statements_covered_display": "100"}, "missing_lines": [], "excluded_lines": [], "start_line": 1}}, "classes": {"": {"executed_lines": [7, 8, 9, 10, 11, 13, 16, 17, 18, 21, 24, 38, 39, 40, 41, 42, 44, 45, 47, 48, 50, 51, 52, 58, 67, 68, 69, 70, 71, 73, 74, 76, 77, 79, 80, 81, 87, 89, 123, 132, 133, 134, 135, 136, 138, 139, 141, 142, 144, 145, 146, 152, 154, 171, 470, 521, 534, 547, 560, 573, 586, 599, 600, 601, 602, 604, 605, 607, 608, 609, 610, 612, 613, 616, 618, 621], "summary": {"covered_lines": 76, "num_statements": 126, "percent_covered": 60.317460317460316, "percent_covered_display": "60", "missing_lines": 50, "excluded_lines": 0, "percent_statements_covered": 60.317460317460316, "percent_statements_covered_display": "60"}, "missing_lines": [53, 54, 55, 82, 83, 84, 147, 148, 149, 173, 489, 490, 491, 492, 493, 494, 496, 499, 500, 501, 503, 504, 505, 507, 508, 509, 511, 513, 514, 515, 516, 517, 518, 530, 531, 543, 544, 556, 557, 569, 570, 582, 583, 617, 619, 623, 624, 625, 626, 628], "excluded_lines": [], "start_line": 1}}}, "src/audiobook_studio/database.py": {"executed_lines": [7, 8, 9, 10, 12, 13, 18, 21, 23, 24, 25, 26, 27, 28, 29, 31, 32, 33, 34, 38, 44, 54, 57, 61, 75], "summary": {"covered_lines": 25, "num_statements": 25, "percent_covered": 100.0, "percent_covered_display": "100", "missing_lines": 0, "excluded_lines": 0, "percent_statements_covered": 100.0, "percent_statements_covered_display": "100"}, "missing_lines": [], "excluded_lines": [], "functions": {"Base.to_dict": {"executed_lines": [23, 24, 25, 26, 27, 28, 29], "summary": {"covered_lines": 7, "num_statements": 7, "percent_covered": 100.0, "percent_covered_display": "100", "missing_lines": 0, "excluded_lines": 0, "percent_statements_covered": 100.0, "percent_statements_covered_display": "100"}, "missing_lines": [], "excluded_lines": [], "start_line": 21}, "Base.__repr__": {"executed_lines": [32, 33, 34], "summary": {"covered_lines": 3, "num_statements": 3, "percent_covered": 100.0, "percent_covered_display": "100", "missing_lines": 0, "excluded_lines": 0, "percent_statements_covered": 100.0, "percent_statements_covered_display": "100"}, "missing_lines": [], "excluded_lines": [], "start_line": 31}, "init_db": {"executed_lines": [61, 75], "summary": {"covered_lines": 2, "num_statements": 2, "percent_covered": 100.0, "percent_covered_display": "100", "missing_lines": 0, "excluded_lines": 0, "percent_statements_covered": 100.0, "percent_statements_covered_display": "100"}, "missing_lines": [], "excluded_lines": [], "start_line": 57}, "": {"executed_lines": [7, 8, 9, 10, 12, 13, 18, 21, 31, 38, 44, 54, 57], "summary": {"covered_lines": 13, "num_statements": 13, "percent_covered": 100.0, "percent_covered_display": "100", "missing_lines": 0, "excluded_lines": 0, "percent_statements_covered": 100.0, "percent_statements_covered_display": "100"}, "missing_lines": [], "excluded_lines": [], "start_line": 1}}, "classes": {"Base": {"executed_lines": [23, 24, 25, 26, 27, 28, 29, 32, 33, 34], "summary": {"covered_lines": 10, "num_statements": 10, "percent_covered": 100.0, "percent_covered_display": "100", "missing_lines": 0, "excluded_lines": 0, "percent_statements_covered": 100.0, "percent_statements_covered_display": "100"}, "missing_lines": [], "excluded_lines": [], "start_line": 18}, "": {"executed_lines": [7, 8, 9, 10, 12, 13, 18, 21, 31, 38, 44, 54, 57, 61, 75], "summary": {"covered_lines": 15, "num_statements": 15, "percent_covered": 100.0, "percent_covered_display": "100", "missing_lines": 0, "excluded_lines": 0, "percent_statements_covered": 100.0, "percent_statements_covered_display": "100"}, "missing_lines": [], "excluded_lines": [], "start_line": 1}}}, "src/audiobook_studio/export/__init__.py": {"executed_lines": [8, 14, 21, 27, 34], "summary": {"covered_lines": 5, "num_statements": 5, "percent_covered": 100.0, "percent_covered_display": "100", "missing_lines": 0, "excluded_lines": 0, "percent_statements_covered": 100.0, "percent_statements_covered_display": "100"}, "missing_lines": [], "excluded_lines": [], "functions": {"": {"executed_lines": [8, 14, 21, 27, 34], "summary": {"covered_lines": 5, "num_statements": 5, "percent_covered": 100.0, "percent_covered_display": "100", "missing_lines": 0, "excluded_lines": 0, "percent_statements_covered": 100.0, "percent_statements_covered_display": "100"}, "missing_lines": [], "excluded_lines": [], "start_line": 1}}, "classes": {"": {"executed_lines": [8, 14, 21, 27, 34], "summary": {"covered_lines": 5, "num_statements": 5, "percent_covered": 100.0, "percent_covered_display": "100", "missing_lines": 0, "excluded_lines": 0, "percent_statements_covered": 100.0, "percent_statements_covered_display": "100"}, "missing_lines": [], "excluded_lines": [], "start_line": 1}}}, "src/audiobook_studio/export/audio_ducking.py": {"executed_lines": [8, 9, 10, 11, 12, 13, 15, 17, 20, 21, 26, 27, 28, 31, 32, 35, 36, 37, 38, 39, 40, 41, 42, 45, 55, 61, 64, 66, 68, 69, 71, 72, 74, 75, 76, 77, 82, 83, 84, 87, 90, 91, 95, 98, 117, 118, 119, 122, 123, 126, 128, 146, 153, 154, 168, 182, 183, 184, 185, 186, 188, 195, 196, 198, 199, 202, 210, 211, 213, 225, 226, 227], "summary": {"covered_lines": 72, "num_statements": 77, "percent_covered": 93.50649350649351, "percent_covered_display": "94", "missing_lines": 5, "excluded_lines": 0, "percent_statements_covered": 93.50649350649351, "percent_statements_covered_display": "94"}, "missing_lines": [130, 131, 141, 142, 143], "excluded_lines": [], "functions": {"detect_speech_segments": {"executed_lines": [55, 61, 64, 66, 68, 69, 71, 72, 74, 75, 76, 77, 82, 83, 84, 87, 90, 91, 95], "summary": {"covered_lines": 19, "num_statements": 19, "percent_covered": 100.0, "percent_covered_display": "100", "missing_lines": 0, "excluded_lines": 0, "percent_statements_covered": 100.0, "percent_statements_covered_display": "100"}, "missing_lines": [], "excluded_lines": [], "start_line": 45}, "mix_with_ducking": {"executed_lines": [117, 118, 119, 122, 123, 126, 128, 146, 153, 154, 168, 182, 183, 184, 185, 186, 188, 195, 196, 198, 199], "summary": {"covered_lines": 21, "num_statements": 26, "percent_covered": 80.76923076923077, "percent_covered_display": "81", "missing_lines": 5, "excluded_lines": 0, "percent_statements_covered": 80.76923076923077, "percent_statements_covered_display": "81"}, "missing_lines": [130, 131, 141, 142, 143], "excluded_lines": [], "start_line": 98}, "add_sfx": {"executed_lines": [210, 211, 213, 225, 226, 227], "summary": {"covered_lines": 6, "num_statements": 6, "percent_covered": 100.0, "percent_covered_display": "100", "missing_lines": 0, "excluded_lines": 0, "percent_statements_covered": 100.0, "percent_statements_covered_display": "100"}, "missing_lines": [], "excluded_lines": [], "start_line": 202}, "": {"executed_lines": [8, 9, 10, 11, 12, 13, 15, 17, 20, 21, 26, 27, 28, 31, 32, 35, 36, 37, 38, 39, 40, 41, 42, 45, 98, 202], "summary": {"covered_lines": 26, "num_statements": 26, "percent_covered": 100.0, "percent_covered_display": "100", "missing_lines": 0, "excluded_lines": 0, "percent_statements_covered": 100.0, "percent_statements_covered_display": "100"}, "missing_lines": [], "excluded_lines": [], "start_line": 1}}, "classes": {"DuckingSegment": {"executed_lines": [], "summary": {"covered_lines": 0, "num_statements": 0, "percent_covered": 100.0, "percent_covered_display": "100", "missing_lines": 0, "excluded_lines": 0, "percent_statements_covered": 100.0, "percent_statements_covered_display": "100"}, "missing_lines": [], "excluded_lines": [], "start_line": 21}, "MixConfig": {"executed_lines": [], "summary": {"covered_lines": 0, "num_statements": 0, "percent_covered": 100.0, "percent_covered_display": "100", "missing_lines": 0, "excluded_lines": 0, "percent_statements_covered": 100.0, "percent_statements_covered_display": "100"}, "missing_lines": [], "excluded_lines": [], "start_line": 32}, "": {"executed_lines": [8, 9, 10, 11, 12, 13, 15, 17, 20, 21, 26, 27, 28, 31, 32, 35, 36, 37, 38, 39, 40, 41, 42, 45, 55, 61, 64, 66, 68, 69, 71, 72, 74, 75, 76, 77, 82, 83, 84, 87, 90, 91, 95, 98, 117, 118, 119, 122, 123, 126, 128, 146, 153, 154, 168, 182, 183, 184, 185, 186, 188, 195, 196, 198, 199, 202, 210, 211, 213, 225, 226, 227], "summary": {"covered_lines": 72, "num_statements": 77, "percent_covered": 93.50649350649351, "percent_covered_display": "94", "missing_lines": 5, "excluded_lines": 0, "percent_statements_covered": 93.50649350649351, "percent_statements_covered_display": "94"}, "missing_lines": [130, 131, 141, 142, 143], "excluded_lines": [], "start_line": 1}}}, "src/audiobook_studio/export/batch_exporter.py": {"executed_lines": [7, 8, 9, 10, 11, 12, 13, 14, 15, 16, 18, 19, 20, 21, 23, 26, 28, 29, 30, 31, 32, 35, 37, 38, 39, 40, 41, 42, 43, 44, 47, 48, 52, 53, 54, 55, 56, 57, 58, 59, 60, 63, 64, 65, 68, 82, 83, 84, 86, 89, 90, 91, 116, 118, 119, 121, 122, 123, 126, 127, 128, 129, 136, 138, 143, 145, 148, 150, 151, 152, 153, 154, 155, 156, 157, 160, 164, 165, 167, 168, 169, 174, 175, 176, 178, 179, 180, 187, 189, 196, 198, 201, 203, 204, 211, 226, 228, 229, 230, 231, 232, 235, 239, 240, 245, 246, 247, 248, 358, 368, 369, 370, 372, 373, 374, 376, 377, 378], "summary": {"covered_lines": 118, "num_statements": 207, "percent_covered": 57.00483091787439, "percent_covered_display": "57", "missing_lines": 89, "excluded_lines": 0, "percent_statements_covered": 57.00483091787439, "percent_statements_covered_display": "57"}, "missing_lines": [93, 99, 105, 106, 107, 109, 130, 131, 132, 133, 134, 181, 182, 183, 184, 185, 241, 242, 243, 251, 252, 254, 256, 257, 258, 260, 261, 262, 265, 266, 268, 271, 272, 273, 275, 276, 277, 278, 279, 285, 286, 294, 303, 304, 305, 307, 315, 318, 319, 320, 322, 323, 325, 331, 332, 333, 334, 337, 338, 339, 340, 341, 342, 343, 344, 345, 347, 348, 350, 351, 352, 353, 355, 380, 381, 384, 387, 388, 389, 390, 391, 392, 393, 394, 395, 397, 399, 405, 414], "excluded_lines": [], "functions": {"_collect_chapter_data": {"executed_lines": [82, 83, 84, 86, 89, 90, 91], "summary": {"covered_lines": 7, "num_statements": 13, "percent_covered": 53.84615384615385, "percent_covered_display": "54", "missing_lines": 6, "excluded_lines": 0, "percent_statements_covered": 53.84615384615385, "percent_statements_covered_display": "54"}, "missing_lines": [93, 99, 105, 106, 107, 109], "excluded_lines": [], "start_line": 68}, "_build_chapter_markers": {"executed_lines": [118, 119, 121, 122, 123, 126, 127, 128, 129, 136, 138, 143, 145], "summary": {"covered_lines": 13, "num_statements": 18, "percent_covered": 72.22222222222223, "percent_covered_display": "72", "missing_lines": 5, "excluded_lines": 0, "percent_statements_covered": 72.22222222222223, "percent_statements_covered_display": "72"}, "missing_lines": [130, 131, 132, 133, 134], "excluded_lines": [], "start_line": 116}, "_collect_audio_files": {"executed_lines": [150, 151, 152, 153, 154, 155, 156, 157], "summary": {"covered_lines": 8, "num_statements": 8, "percent_covered": 100.0, "percent_covered_display": "100", "missing_lines": 0, "excluded_lines": 0, "percent_statements_covered": 100.0, "percent_statements_covered_display": "100"}, "missing_lines": [], "excluded_lines": [], "start_line": 148}, "_build_subtitle_entries": {"executed_lines": [164, 165, 167, 168, 169, 174, 175, 176, 178, 179, 180, 187, 189, 196, 198], "summary": {"covered_lines": 15, "num_statements": 20, "percent_covered": 75.0, "percent_covered_display": "75", "missing_lines": 5, "excluded_lines": 0, "percent_statements_covered": 75.0, "percent_statements_covered_display": "75"}, "missing_lines": [181, 182, 183, 184, 185], "excluded_lines": [], "start_line": 160}, "_build_project_metadata": {"executed_lines": [203, 204], "summary": {"covered_lines": 2, "num_statements": 2, "percent_covered": 100.0, "percent_covered_display": "100", "missing_lines": 0, "excluded_lines": 0, "percent_statements_covered": 100.0, "percent_statements_covered_display": "100"}, "missing_lines": [], "excluded_lines": [], "start_line": 201}, "export_project": {"executed_lines": [226, 228, 229, 230, 231, 232, 235, 239, 240, 245, 246, 247, 248], "summary": {"covered_lines": 13, "num_statements": 70, "percent_covered": 18.571428571428573, "percent_covered_display": "19", "missing_lines": 57, "excluded_lines": 0, "percent_statements_covered": 18.571428571428573, "percent_statements_covered_display": "19"}, "missing_lines": [241, 242, 243, 251, 252, 254, 256, 257, 258, 260, 261, 262, 265, 266, 268, 271, 272, 273, 275, 276, 277, 278, 279, 285, 286, 294, 303, 304, 305, 307, 315, 318, 319, 320, 322, 323, 325, 331, 332, 333, 334, 337, 338, 339, 340, 341, 342, 343, 344, 345, 347, 348, 350, 351, 352, 353, 355], "excluded_lines": [], "start_line": 211}, "export_chapter": {"executed_lines": [368, 369, 370, 372, 373, 374, 376, 377, 378], "summary": {"covered_lines": 9, "num_statements": 25, "percent_covered": 36.0, "percent_covered_display": "36", "missing_lines": 16, "excluded_lines": 0, "percent_statements_covered": 36.0, "percent_statements_covered_display": "36"}, "missing_lines": [380, 381, 384, 387, 388, 389, 390, 391, 392, 393, 394, 395, 397, 399, 405, 414], "excluded_lines": [], "start_line": 358}, "": {"executed_lines": [7, 8, 9, 10, 11, 12, 13, 14, 15, 16, 18, 19, 20, 21, 23, 26, 28, 29, 30, 31, 32, 35, 37, 38, 39, 40, 41, 42, 43, 44, 47, 48, 52, 53, 54, 55, 56, 57, 58, 59, 60, 63, 64, 65, 68, 116, 148, 160, 201, 211, 358], "summary": {"covered_lines": 51, "num_statements": 51, "percent_covered": 100.0, "percent_covered_display": "100", "missing_lines": 0, "excluded_lines": 0, "percent_statements_covered": 100.0, "percent_statements_covered_display": "100"}, "missing_lines": [], "excluded_lines": [], "start_line": 1}}, "classes": {"ExportFormat": {"executed_lines": [], "summary": {"covered_lines": 0, "num_statements": 0, "percent_covered": 100.0, "percent_covered_display": "100", "missing_lines": 0, "excluded_lines": 0, "percent_statements_covered": 100.0, "percent_statements_covered_display": "100"}, "missing_lines": [], "excluded_lines": [], "start_line": 26}, "ExportProgress": {"executed_lines": [], "summary": {"covered_lines": 0, "num_statements": 0, "percent_covered": 100.0, "percent_covered_display": "100", "missing_lines": 0, "excluded_lines": 0, "percent_statements_covered": 100.0, "percent_statements_covered_display": "100"}, "missing_lines": [], "excluded_lines": [], "start_line": 35}, "ExportJob": {"executed_lines": [], "summary": {"covered_lines": 0, "num_statements": 0, "percent_covered": 100.0, "percent_covered_display": "100", "missing_lines": 0, "excluded_lines": 0, "percent_statements_covered": 100.0, "percent_statements_covered_display": "100"}, "missing_lines": [], "excluded_lines": [], "start_line": 48}, "": {"executed_lines": [7, 8, 9, 10, 11, 12, 13, 14, 15, 16, 18, 19, 20, 21, 23, 26, 28, 29, 30, 31, 32, 35, 37, 38, 39, 40, 41, 42, 43, 44, 47, 48, 52, 53, 54, 55, 56, 57, 58, 59, 60, 63, 64, 65, 68, 82, 83, 84, 86, 89, 90, 91, 116, 118, 119, 121, 122, 123, 126, 127, 128, 129, 136, 138, 143, 145, 148, 150, 151, 152, 153, 154, 155, 156, 157, 160, 164, 165, 167, 168, 169, 174, 175, 176, 178, 179, 180, 187, 189, 196, 198, 201, 203, 204, 211, 226, 228, 229, 230, 231, 232, 235, 239, 240, 245, 246, 247, 248, 358, 368, 369, 370, 372, 373, 374, 376, 377, 378], "summary": {"covered_lines": 118, "num_statements": 207, "percent_covered": 57.00483091787439, "percent_covered_display": "57", "missing_lines": 89, "excluded_lines": 0, "percent_statements_covered": 57.00483091787439, "percent_statements_covered_display": "57"}, "missing_lines": [93, 99, 105, 106, 107, 109, 130, 131, 132, 133, 134, 181, 182, 183, 184, 185, 241, 242, 243, 251, 252, 254, 256, 257, 258, 260, 261, 262, 265, 266, 268, 271, 272, 273, 275, 276, 277, 278, 279, 285, 286, 294, 303, 304, 305, 307, 315, 318, 319, 320, 322, 323, 325, 331, 332, 333, 334, 337, 338, 339, 340, 341, 342, 343, 344, 345, 347, 348, 350, 351, 352, 353, 355, 380, 381, 384, 387, 388, 389, 390, 391, 392, 393, 394, 395, 397, 399, 405, 414], "excluded_lines": [], "start_line": 1}}}, "src/audiobook_studio/export/m4b.py": {"executed_lines": [8, 9, 10, 11, 12, 13, 15, 18, 19, 26, 27, 28, 30, 31, 32, 35, 36, 39, 40, 41, 42, 43, 44, 45, 48, 53, 54, 55, 56, 57, 58, 59, 61, 62, 63, 66, 85, 104, 105, 110, 111, 112, 115, 116, 117, 119, 120, 122, 123, 124, 125, 126, 127, 128, 133, 134, 138, 140, 143, 144, 145, 148, 149, 156, 157, 160, 166, 167, 170, 171, 172, 173, 176, 185, 187, 189, 191, 192, 193, 197, 200, 202, 203, 205, 211, 221, 222, 223, 226, 232, 233, 235, 236, 237, 238, 239, 241, 249, 250, 251, 252, 253, 255, 256, 257, 259, 262, 264, 265, 267, 268], "summary": {"covered_lines": 111, "num_statements": 126, "percent_covered": 88.0952380952381, "percent_covered_display": "88", "missing_lines": 15, "excluded_lines": 0, "percent_statements_covered": 88.0952380952381, "percent_statements_covered_display": "88"}, "missing_lines": [71, 81, 82, 135, 136, 186, 188, 190, 194, 198, 206, 208, 254, 258, 260], "excluded_lines": [], "functions": {"ChapterMarker.start_seconds": {"executed_lines": [28], "summary": {"covered_lines": 1, "num_statements": 1, "percent_covered": 100.0, "percent_covered_display": "100", "missing_lines": 0, "e
[...]
ry": {"covered_lines": 0, "num_statements": 0, "percent_covered": 100.0, "percent_covered_display": "100", "missing_lines": 0, "excluded_lines": 0, "percent_statements_covered": 100.0, "percent_statements_covered_display": "100"}, "missing_lines": [], "excluded_lines": [], "functions": {"": {"executed_lines": [], "summary": {"covered_lines": 0, "num_statements": 0, "percent_covered": 100.0, "percent_covered_display": "100", "missing_lines": 0, "excluded_lines": 0, "percent_statements_covered": 100.0, "percent_statements_covered_display": "100"}, "missing_lines": [], "excluded_lines": [], "start_line": 1}}, "classes": {"": {"executed_lines": [], "summary": {"covered_lines": 0, "num_statements": 0, "percent_covered": 100.0, "percent_covered_display": "100", "missing_lines": 0, "excluded_lines": 0, "percent_statements_covered": 100.0, "percent_statements_covered_display": "100"}, "missing_lines": [], "excluded_lines": [], "start_line": 1}}}, "src/audiobook_studio/tts/clone.py": {"executed_lines": [5, 6, 7, 8, 9, 10, 11, 12, 13, 15, 18, 19, 22, 25, 26, 27, 30, 31, 33, 38, 44, 45, 46, 52, 55, 60, 67, 69, 70, 71, 72, 75, 76, 86, 89, 90, 102, 103, 105, 106, 107, 108, 109, 112, 115, 116, 117, 118, 119, 122, 123, 126, 129, 131, 134, 136, 138, 139, 140, 141, 142, 143, 145, 146, 147, 148, 152, 175, 178, 188, 189, 191, 194, 195, 198, 204, 206, 207, 208, 212, 214, 215, 217, 218, 220, 222, 230, 231, 232, 233, 236, 237, 240, 243, 245, 252, 253, 257, 258, 259, 260, 261, 263, 267, 268, 269, 272, 273, 274, 276, 279, 291, 293, 295, 296, 306, 307, 313, 323, 324, 327, 328, 335, 337, 338, 339, 340, 341, 342, 344, 346, 359, 360, 361, 362, 364, 367, 368, 369, 370, 373, 374, 375, 376, 377, 378, 379, 380, 409, 411, 412, 414, 415, 428, 431, 544], "summary": {"covered_lines": 156, "num_statements": 252, "percent_covered": 61.904761904761905, "percent_covered_display": "62", "missing_lines": 96, "excluded_lines": 0, "percent_statements_covered": 61.904761904761905, "percent_statements_covered_display": "62"}, "missing_lines": [34, 35, 36, 37, 39, 40, 41, 42, 57, 62, 132, 149, 150, 154, 155, 156, 157, 158, 159, 169, 170, 171, 172, 173, 210, 254, 264, 309, 310, 330, 331, 332, 333, 385, 386, 389, 390, 393, 398, 400, 401, 402, 404, 405, 406, 407, 433, 436, 443, 445, 448, 449, 452, 453, 455, 457, 459, 462, 463, 464, 466, 478, 479, 481, 483, 484, 485, 486, 487, 488, 490, 493, 494, 506, 507, 509, 512, 513, 515, 522, 523, 524, 525, 527, 529, 530, 531, 533, 534, 535, 536, 537, 539, 540, 541, 545], "excluded_lines": [], "functions": {"check_kokoro_model_availability": {"executed_lines": [25, 26, 27, 30, 31, 33, 38, 44, 45, 46, 52], "summary": {"covered_lines": 11, "num_statements": 19, "percent_covered": 57.89473684210526, "percent_covered_display": "58", "missing_lines": 8, "excluded_lines": 0, "percent_statements_covered": 57.89473684210526, "percent_statements_covered_display": "58"}, "missing_lines": [34, 35, 36, 37, 39, 40, 41, 42], "excluded_lines": [], "start_line": 22}, "get_kokoro_model_path": {"executed_lines": [], "summary": {"covered_lines": 0, "num_statements": 1, "percent_covered": 0.0, "percent_covered_display": "0", "missing_lines": 1, "excluded_lines": 0, "percent_statements_covered": 0.0, "percent_statements_covered_display": "0"}, "missing_lines": [57], "excluded_lines": [], "start_line": 55}, "is_kokoro_available": {"executed_lines": [], "summary": {"covered_lines": 0, "num_statements": 1, "percent_covered": 0.0, "percent_covered_display": "0", "missing_lines": 1, "excluded_lines": 0, "percent_statements_covered": 0.0, "percent_statements_covered_display": "0"}, "missing_lines": [62], "excluded_lines": [], "start_line": 60}, "VoiceCloningEngine.__init__": {"executed_lines": [116, 117, 118, 119, 122, 123, 126, 129, 131, 134], "summary": {"covered_lines": 10, "num_statements": 11, "percent_covered": 90.9090909090909, "percent_covered_display": "91", "missing_lines": 1, "excluded_lines": 0, "percent_statements_covered": 90.9090909090909, "percent_statements_covered_display": "91"}, "missing_lines": [132], "excluded_lines": [], "start_line": 115}, "VoiceCloningEngine._load_voice_prints": {"executed_lines": [138, 139, 140, 141, 142, 143, 145, 146, 147, 148], "summary": {"covered_lines": 10, "num_statements": 12, "percent_covered": 83.33333333333333, "percent_covered_display": "83", "missing_lines": 2, "excluded_lines": 0, "percent_statements_covered": 83.33333333333333, "percent_statements_covered_display": "83"}, "missing_lines": [149, 150], "excluded_lines": [], "start_line": 136}, "VoiceCloningEngine._save_voice_prints": {"executed_lines": [], "summary": {"covered_lines": 0, "num_statements": 11, "percent_covered": 0.0, "percent_covered_display": "0", "missing_lines": 11, "excluded_lines": 0, "percent_statements_covered": 0.0, "percent_statements_covered_display": "0"}, "missing_lines": [154, 155, 156, 157, 158, 159, 169, 170, 171, 172, 173], "excluded_lines": [], "start_line": 152}, "VoiceCloningEngine._calculate_audio_hash": {"executed_lines": [178, 188, 189], "summary": {"covered_lines": 3, "num_statements": 3, "percent_covered": 100.0, "percent_covered_display": "100", "missing_lines": 0, "excluded_lines": 0, "percent_statements_covered": 100.0, "percent_statements_covered_display": "100"}, "missing_lines": [], "excluded_lines": [], "start_line": 175}, "VoiceCloningEngine._estimate_snr": {"executed_lines": [194, 195, 198, 204, 206, 207, 208], "summary": {"covered_lines": 7, "num_statements": 8, "percent_covered": 87.5, "percent_covered_display": "88", "missing_lines": 1, "excluded_lines": 0, "percent_statements_covered": 87.5, "percent_statements_covered_display": "88"}, "missing_lines": [210], "excluded_lines": [], "start_line": 191}, "VoiceCloningEngine._is_sample_valid": {"executed_lines": [214, 215, 217, 218, 220], "summary": {"covered_lines": 5, "num_statements": 5, "percent_covered": 100.0, "percent_covered_display": "100", "missing_lines": 0, "excluded_lines": 0, "percent_statements_covered": 100.0, "percent_statements_covered_display": "100"}, "missing_lines": [], "excluded_lines": [], "start_line": 212}, "VoiceCloningEngine.add_voice_sample": {"executed_lines": [230, 231, 232, 233, 236, 237, 240, 243], "summary": {"covered_lines": 8, "num_statements": 8, "percent_covered": 100.0, "percent_covered_display": "100", "missing_lines": 0, "excluded_lines": 0, "percent_statements_covered": 100.0, "percent_statements_covered_display": "100"}, "missing_lines": [], "excluded_lines": [], "start_line": 222}, "VoiceCloningEngine._update_voice_print": {"executed_lines": [252, 253, 257, 258, 259, 260, 261, 263, 267, 268, 269, 272, 273, 274, 276, 279, 291, 293, 295, 296, 306, 307, 313, 323, 324, 327, 328], "summary": {"covered_lines": 27, "num_statements": 35, "percent_covered": 77.14285714285714, "percent_covered_display": "77", "missing_lines": 8, "excluded_lines": 0, "percent_statements_covered": 77.14285714285714, "percent_statements_covered_display": "77"}, "missing_lines": [254, 264, 309, 310, 330, 331, 332, 333], "excluded_lines": [], "start_line": 245}, "VoiceCloningEngine._assess_quality": {"executed_lines": [337, 338, 339, 340, 341, 342, 344], "summary": {"covered_lines": 7, "num_statements": 7, "percent_covered": 100.0, "percent_covered_display": "100", "missing_lines": 0, "excluded_lines": 0, "percent_statements_covered": 100.0, "percent_statements_covered_display": "100"}, "missing_lines": [], "excluded_lines": [], "start_line": 335}, "VoiceCloningEngine.synthesize_speech": {"executed_lines": [359, 360, 361, 362, 364, 367, 368, 369, 370, 373, 374, 375, 376, 377, 378, 379, 380], "summary": {"covered_lines": 17, "num_statements": 30, "percent_covered": 56.666666666666664, "percent_covered_display": "57", "missing_lines": 13, "excluded_lines": 0, "percent_statements_covered": 56.666666666666664, "percent_statements_covered_display": "57"}, "missing_lines": [385, 386, 389, 390, 393, 398, 400, 401, 402, 404, 405, 406, 407], "excluded_lines": [], "start_line": 346}, "VoiceCloningEngine.get_voice_info": {"executed_lines": [411, 412, 414, 415], "summary": {"covered_lines": 4, "num_statements": 4, "percent_covered": 100.0, "percent_covered_display": "100", "missing_lines": 0, "excluded_lines": 0, "percent_statements_covered": 100.0, "percent_statements_covered_display": "100"}, "missing_lines": [], "excluded_lines": [], "start_line": 409}, "main": {"executed_lines": [], "summary": {"covered_lines": 0, "num_statements": 49, "percent_covered": 0.0, "percent_covered_display": "0", "missing_lines": 49, "excluded_lines": 0, "percent_statements_covered": 0.0, "percent_statements_covered_display": "0"}, "missing_lines": [433, 436, 443, 445, 448, 449, 452, 453, 455, 457, 459, 462, 463, 464, 466, 478, 479, 481, 483, 484, 485, 486, 487, 488, 490, 493, 494, 506, 507, 509, 512, 513, 515, 522, 523, 524, 525, 527, 529, 530, 531, 533, 534, 535, 536, 537, 539, 540, 541], "excluded_lines": [], "start_line": 431}, "": {"executed_lines": [5, 6, 7, 8, 9, 10, 11, 12, 13, 15, 18, 19, 22, 55, 60, 67, 69, 70, 71, 72, 75, 76, 86, 89, 90, 102, 103, 105, 106, 107, 108, 109, 112, 115, 136, 152, 175, 191, 212, 222, 245, 335, 346, 409, 428, 431, 544], "summary": {"covered_lines": 47, "num_statements": 48, "percent_covered": 97.91666666666667, "percent_covered_display": "98", "missing_lines": 1, "excluded_lines": 0, "percent_statements_covered": 97.91666666666667, "percent_statements_covered_display": "98"}, "missing_lines": [545], "excluded_lines": [], "start_line": 1}}, "classes": {"AudioQuality": {"executed_lines": [], "summary": {"covered_lines": 0, "num_statements": 0, "percent_covered": 100.0, "percent_covered_display": "100", "missing_lines": 0, "excluded_lines": 0, "percent_statements_covered": 100.0, "percent_statements_covered_display": "100"}, "missing_lines": [], "excluded_lines": [], "start_line": 67}, "VoiceSample": {"executed_lines": [], "summary": {"covered_lines": 0, "num_statements": 0, "percent_covered": 100.0, "percent_covered_display": "100", "missing_lines": 0, "excluded_lines": 0, "percent_statements_covered": 100.0, "percent_statements_covered_display": "100"}, "missing_lines": [], "excluded_lines": [], "start_line": 76}, "VoicePrint": {"executed_lines": [], "summary": {"covered_lines": 0, "num_statements": 0, "percent_covered": 100.0, "percent_covered_display": "100", "missing_lines": 0, "excluded_lines": 0, "percent_statements_covered": 100.0, "percent_statements_covered_display": "100"}, "missing_lines": [], "excluded_lines": [], "start_line": 90}, "CloningConfig": {"executed_lines": [], "summary": {"covered_lines": 0, "num_statements": 0, "percent_covered": 100.0, "percent_covered_display": "100", "missing_lines": 0, "excluded_lines": 0, "percent_statements_covered": 100.0, "percent_statements_covered_display": "100"}, "missing_lines": [], "excluded_lines": [], "start_line": 103}, "VoiceCloningEngine": {"executed_lines": [116, 117, 118, 119, 122, 123, 126, 129, 131, 134, 138, 139, 140, 141, 142, 143, 145, 146, 147, 148, 178, 188, 189, 194, 195, 198, 204, 206, 207, 208, 214, 215, 217, 218, 220, 230, 231, 232, 233, 236, 237, 240, 243, 252, 253, 257, 258, 259, 260, 261, 263, 267, 268, 269, 272, 273, 274, 276, 279, 291, 293, 295, 296, 306, 307, 313, 323, 324, 327, 328, 337, 338, 339, 340, 341, 342, 344, 359, 360, 361, 362, 364, 367, 368, 369, 370, 373, 374, 375, 376, 377, 378, 379, 380, 411, 412, 414, 415], "summary": {"covered_lines": 98, "num_statements": 134, "percent_covered": 73.13432835820896, "percent_covered_display": "73", "missing_lines": 36, "excluded_lines": 0, "percent_statements_covered": 73.13432835820896, "percent_statements_covered_display": "73"}, "missing_lines": [132, 149, 150, 154, 155, 156, 157, 158, 159, 169, 170, 171, 172, 173, 210, 254, 264, 309, 310, 330, 331, 332, 333, 385, 386, 389, 390, 393, 398, 400, 401, 402, 404, 405, 406, 407], "excluded_lines": [], "start_line": 112}, "": {"executed_lines": [5, 6, 7, 8, 9, 10, 11, 12, 13, 15, 18, 19, 22, 25, 26, 27, 30, 31, 33, 38, 44, 45, 46, 52, 55, 60, 67, 69, 70, 71, 72, 75, 76, 86, 89, 90, 102, 103, 105, 106, 107, 108, 109, 112, 115, 136, 152, 175, 191, 212, 222, 245, 335, 346, 409, 428, 431, 544], "summary": {"covered_lines": 58, "num_statements": 118, "percent_covered": 49.152542372881356, "percent_covered_display": "49", "missing_lines": 60, "excluded_lines": 0, "percent_statements_covered": 49.152542372881356, "percent_statements_covered_display": "49"}, "missing_lines": [34, 35, 36, 37, 39, 40, 41, 42, 57, 62, 433, 436, 443, 445, 448, 449, 452, 453, 455, 457, 459, 462, 463, 464, 466, 478, 479, 481, 483, 484, 485, 486, 487, 488, 490, 493, 494, 506, 507, 509, 512, 513, 515, 522, 523, 524, 525, 527, 529, 530, 531, 533, 534, 535, 536, 537, 539, 540, 541, 545], "excluded_lines": [], "start_line": 1}}}, "src/audiobook_studio/utils/ffmpeg_probe.py": {"executed_lines": [8, 9, 10, 11, 12, 13, 14, 16, 18, 21, 25, 30, 31, 32, 44, 48, 53, 54, 55, 67, 76, 83, 84, 91, 106, 113, 114, 145, 206, 229, 262, 264, 267, 273, 276, 281, 286], "summary": {"covered_lines": 37, "num_statements": 116, "percent_covered": 31.896551724137932, "percent_covered_display": "32", "missing_lines": 79, "excluded_lines": 13, "percent_statements_covered": 31.896551724137932, "percent_statements_covered_display": "32"}, "missing_lines": [38, 39, 40, 41, 61, 62, 63, 64, 86, 87, 88, 116, 117, 118, 120, 121, 122, 123, 124, 125, 126, 129, 130, 131, 132, 135, 136, 138, 139, 140, 142, 154, 161, 162, 164, 165, 166, 168, 169, 170, 171, 172, 173, 174, 175, 176, 177, 178, 181, 182, 189, 190, 191, 192, 193, 194, 195, 196, 197, 198, 199, 200, 201, 203, 215, 223, 224, 226, 240, 250, 251, 253, 254, 255, 257, 258, 278, 283, 288], "excluded_lines": [291, 292, 294, 296, 297, 298, 299, 300, 301, 302, 303, 304, 305], "functions": {"_run_ffprobe": {"executed_lines": [25, 30, 31, 32], "summary": {"covered_lines": 4, "num_statements": 8, "percent_covered": 50.0, "percent_covered_display": "50", "missing_lines": 4, "excluded_lines": 0, "percent_statements_covered": 50.0, "percent_statements_covered_display": "50"}, "missing_lines": [38, 39, 40, 41], "excluded_lines": [], "start_line": 21}, "_run_ffmpeg": {"executed_lines": [48, 53, 54, 55], "summary": {"covered_lines": 4, "num_statements": 8, "percent_covered": 50.0, "percent_covered_display": "50", "missing_lines": 4, "excluded_lines": 0, "percent_statements_covered": 50.0, "percent_statements_covered_display": "50"}, "missing_lines": [61, 62, 63, 64], "excluded_lines": [], "start_line": 44}, "get_duration": {"executed_lines": [76, 83, 84], "summary": {"covered_lines": 3, "num_statements": 6, "percent_covered": 50.0, "percent_covered_display": "50", "missing_lines": 3, "excluded_lines": 0, "percent_statements_covered": 50.0, "percent_statements_covered_display": "50"}, "missing_lines": [86, 87, 88], "excluded_lines": [], "start_line": 67}, "detect_silence": {"executed_lines": [106, 113, 114], "summary": {"covered_lines": 3, "num_statements": 23, "percent_covered": 13.043478260869565, "percent_covered_display": "13", "missing_lines": 20, "excluded_lines": 0, "percent_statements_covered": 13.043478260869565, "percent_statements_covered_display": "13"}, "missing_lines": [116, 117, 118, 120, 121, 122, 123, 124, 125, 126, 129, 130, 131, 132, 135, 136, 138, 139, 140, 142], "excluded_lines": [], "start_line": 91}, "get_rms_peak": {"executed_lines": [], "summary": {"covered_lines": 0, "num_statements": 33, "percent_covered": 0.0, "percent_covered_display": "0", "missing_lines": 33, "excluded_lines": 0, "percent_statements_covered": 0.0, "percent_statements_covered_display": "0"}, "missing_lines": [154, 161, 162, 164, 165, 166, 168, 169, 170, 171, 172, 173, 174, 175, 176, 177, 178, 181, 182, 189, 190, 191, 192, 193, 194, 195, 196, 197, 198, 199, 200, 201, 203], "excluded_lines": [], "start_line": 145}, "get_audio_info": {"executed_lines": [], "summary": {"covered_lines": 0, "num_statements": 4, "percent_covered": 0.0, "percent_covered_display": "0", "missing_lines": 4, "excluded_lines": 0, "percent_statements_covered": 0.0, "percent_statements_covered_display": "0"}, "missing_lines": [215, 223, 224, 226], "excluded_lines": [], "start_line": 206}, "read_pcm_samples": {"executed_lines": [], "summary": {"covered_lines": 0, "num_statements": 8, "percent_covered": 0.0, "percent_covered_display": "0", "missing_lines": 8, "excluded_lines": 0, "percent_statements_covered": 0.0, "percent_statements_covered_display": "0"}, "missing_lines": [240, 250, 251, 253, 254, 255, 257, 258], "excluded_lines": [], "start_line": 229}, "get_duration_sync": {"executed_lines": [264], "summary": {"covered_lines": 1, "num_statements": 1, "percent_covered": 100.0, "percent_covered_display": "100", "missing_lines": 0, "excluded_lines": 0, "percent_statements_covered": 100.0, "percent_statements_covered_display": "100"}, "missing_lines": [], "excluded_lines": [], "start_line": 262}, "detect_silence_sync": {"executed_lines": [273], "summary": {"covered_lines": 1, "num_statements": 1, "percent_covered": 100.0, "percent_covered_display": "100", "missing_lines": 0, "excluded_lines": 0, "percent_statements_covered": 100.0, "percent_statements_covered_display": "100"}, "missing_lines": [], "excluded_lines": [], "start_line": 267}, "get_rms_peak_sync": {"executed_lines": [], "summary": {"covered_lines": 0, "num_statements": 1, "percent_covered": 0.0, "percent_covered_display": "0", "missing_lines": 1, "excluded_lines": 0, "percent_statements_covered": 0.0, "percent_statements_covered_display": "0"}, "missing_lines": [278], "excluded_lines": [], "start_line": 276}, "get_audio_info_sync": {"executed_lines": [], "summary": {"covered_lines": 0, "num_statements": 1, "percent_covered": 0.0, "percent_covered_display": "0", "missing_lines": 1, "excluded_lines": 0, "percent_statements_covered": 0.0, "percent_statements_covered_display": "0"}, "missing_lines": [283], "excluded_lines": [], "start_line": 281}, "read_pcm_samples_sync": {"executed_lines": [], "summary": {"covered_lines": 0, "num_statements": 1, "percent_covered": 0.0, "percent_covered_display": "0", "missing_lines": 1, "excluded_lines": 0, "percent_statements_covered": 0.0, "percent_statements_covered_display": "0"}, "missing_lines": [288], "excluded_lines": [], "start_line": 286}, "": {"executed_lines": [8, 9, 10, 11, 12, 13, 14, 16, 18, 21, 44, 67, 91, 145, 206, 229, 262, 267, 276, 281, 286], "summary": {"covered_lines": 21, "num_statements": 21, "percent_covered": 100.0, "percent_covered_display": "100", "missing_lines": 0, "excluded_lines": 13, "percent_statements_covered": 100.0, "percent_statements_covered_display": "100"}, "missing_lines": [], "excluded_lines": [291, 292, 294, 296, 297, 298, 299, 300, 301, 302, 303, 304, 305], "start_line": 1}}, "classes": {"": {"executed_lines": [8, 9, 10, 11, 12, 13, 14, 16, 18, 21, 25, 30, 31, 32, 44, 48, 53, 54, 55, 67, 76, 83, 84, 91, 106, 113, 114, 145, 206, 229, 262, 264, 267, 273, 276, 281, 286], "summary": {"covered_lines": 37, "num_statements": 116, "percent_covered": 31.896551724137932, "percent_covered_display": "32", "missing_lines": 79, "excluded_lines": 13, "percent_statements_covered": 31.896551724137932, "percent_statements_covered_display": "32"}, "missing_lines": [38, 39, 40, 41, 61, 62, 63, 64, 86, 87, 88, 116, 117, 118, 120, 121, 122, 123, 124, 125, 126, 129, 130, 131, 132, 135, 136, 138, 139, 140, 142, 154, 161, 162, 164, 165, 166, 168, 169, 170, 171, 172, 173, 174, 175, 176, 177, 178, 181, 182, 189, 190, 191, 192, 193, 194, 195, 196, 197, 198, 199, 200, 201, 203, 215, 223, 224, 226, 240, 250, 251, 253, 254, 255, 257, 258, 278, 283, 288], "excluded_lines": [291, 292, 294, 296, 297, 298, 299, 300, 301, 302, 303, 304, 305], "start_line": 1}}}}, "totals": {"covered_lines": 5465, "num_statements": 6896, "percent_covered": 79.24883990719258, "percent_covered_display": "79", "missing_lines": 1431, "excluded_lines": 114, "percent_statements_covered": 79.24883990719258, "percent_statements_covered_display": "79"}}