{"/Users/guwj/Desktop/AI_Lab/audiobook/web/src/composables/useInlineChat.ts": {"path":"/Users/guwj/Desktop/AI_Lab/audiobook/web/src/composables/useInlineChat.ts","statementMap":{"0":{"start":{"line":31,"column":2},"end":{"line":31,"column":null}},"1":{"start":{"line":51,"column":8},"end":{"line":51,"column":null}},"2":{"start":{"line":52,"column":22},"end":{"line":52,"column":null}},"3":{"start":{"line":53,"column":18},"end":{"line":53,"column":null}},"4":{"start":{"line":56,"column":8},"end":{"line":56,"column":null}},"5":{"start":{"line":57,"column":8},"end":{"line":57,"column":null}},"6":{"start":{"line":58,"column":8},"end":{"line":58,"column":null}},"7":{"start":{"line":59,"column":8},"end":{"line":59,"column":null}},"8":{"start":{"line":60,"column":8},"end":{"line":60,"column":null}},"9":{"start":{"line":61,"column":8},"end":{"line":61,"column":null}},"10":{"start":{"line":64,"column":8},"end":{"line":64,"column":null}},"11":{"start":{"line":67,"column":8},"end":{"line":67,"column":null}},"12":{"start":{"line":67,"column":32},"end":{"line":67,"column":54}},"13":{"start":{"line":68,"column":8},"end":{"line":68,"column":null}},"14":{"start":{"line":68,"column":32},"end":{"line":68,"column":48}},"15":{"start":{"line":69,"column":8},"end":{"line":69,"column":null}},"16":{"start":{"line":69,"column":33},"end":{"line":69,"column":80}},"17":{"start":{"line":70,"column":8},"end":{"line":70,"column":null}},"18":{"start":{"line":70,"column":33},"end":{"line":70,"column":84}},"19":{"start":{"line":83,"column":17},"end":{"line":83,"column":null}},"20":{"start":{"line":84,"column":4},"end":{"line":84,"column":null}},"21":{"start":{"line":86,"column":4},"end":{"line":86,"column":null}},"22":{"start":{"line":91,"column":4},"end":{"line":91,"column":null}},"23":{"start":{"line":92,"column":4},"end":{"line":92,"column":null}},"24":{"start":{"line":93,"column":4},"end":{"line":93,"column":null}},"25":{"start":{"line":97,"column":4},"end":{"line":97,"column":null}},"26":{"start":{"line":98,"column":4},"end":{"line":98,"column":null}},"27":{"start":{"line":99,"column":4},"end":{"line":99,"column":null}},"28":{"start":{"line":100,"column":4},"end":{"line":100,"column":null}},"29":{"start":{"line":101,"column":4},"end":{"line":101,"column":null}},"30":{"start":{"line":111,"column":19},"end":{"line":111,"column":null}},"31":{"start":{"line":112,"column":4},"end":{"line":112,"column":null}},"32":{"start":{"line":112,"column":34},"end":{"line":112,"column":null}},"33":{"start":{"line":114,"column":22},"end":{"line":114,"column":null}},"34":{"start":{"line":115,"column":25},"end":{"line":115,"column":null}},"35":{"start":{"line":116,"column":23},"end":{"line":116,"column":null}},"36":{"start":{"line":118,"column":4},"end":{"line":121,"column":null}},"37":{"start":{"line":119,"column":6},"end":{"line":119,"column":null}},"38":{"start":{"line":120,"column":6},"end":{"line":120,"column":null}},"39":{"start":{"line":124,"column":33},"end":{"line":129,"column":null}},"40":{"start":{"line":130,"column":4},"end":{"line":130,"column":null}},"41":{"start":{"line":131,"column":4},"end":{"line":131,"column":null}},"42":{"start":{"line":134,"column":4},"end":{"line":134,"column":null}},"43":{"start":{"line":135,"column":4},"end":{"line":135,"column":null}},"44":{"start":{"line":136,"column":4},"end":{"line":136,"column":null}},"45":{"start":{"line":137,"column":4},"end":{"line":137,"column":null}},"46":{"start":{"line":140,"column":27},"end":{"line":140,"column":null}},"47":{"start":{"line":141,"column":30},"end":{"line":147,"column":null}},"48":{"start":{"line":149,"column":41},"end":{"line":188,"column":null}},"49":{"start":{"line":154,"column":8},"end":{"line":154,"column":null}},"50":{"start":{"line":157,"column":8},"end":{"line":157,"column":null}},"51":{"start":{"line":159,"column":8},"end":{"line":166,"column":null}},"52":{"start":{"line":167,"column":8},"end":{"line":167,"column":null}},"53":{"start":{"line":171,"column":8},"end":{"line":179,"column":null}},"54":{"start":{"line":172,"column":10},"end":{"line":177,"column":null}},"55":{"start":{"line":178,"column":10},"end":{"line":178,"column":null}},"56":{"start":{"line":180,"column":8},"end":{"line":180,"column":null}},"57":{"start":{"line":181,"column":8},"end":{"line":181,"column":null}},"58":{"start":{"line":184,"column":8},"end":{"line":184,"column":null}},"59":{"start":{"line":185,"column":8},"end":{"line":185,"column":null}},"60":{"start":{"line":186,"column":8},"end":{"line":186,"column":null}},"61":{"start":{"line":190,"column":4},"end":{"line":202,"column":null}},"62":{"start":{"line":207,"column":4},"end":{"line":207,"column":null}},"63":{"start":{"line":208,"column":4},"end":{"line":208,"column":null}},"64":{"start":{"line":209,"column":4},"end":{"line":209,"column":null}},"65":{"start":{"line":211,"column":4},"end":{"line":219,"column":null}},"66":{"start":{"line":212,"column":6},"end":{"line":217,"column":null}},"67":{"start":{"line":218,"column":6},"end":{"line":218,"column":null}},"68":{"start":{"line":226,"column":23},"end":{"line":226,"column":null}},"69":{"start":{"line":227,"column":4},"end":{"line":227,"column":null}},"70":{"start":{"line":227,"column":21},"end":{"line":227,"column":null}},"71":{"start":{"line":229,"column":26},"end":{"line":229,"column":null}},"72":{"start":{"line":229,"column":68},"end":{"line":229,"column":95}},"73":{"start":{"line":230,"column":4},"end":{"line":230,"column":null}},"74":{"start":{"line":230,"column":23},"end":{"line":230,"column":null}},"75":{"start":{"line":231,"column":4},"end":{"line":235,"column":null}},"76":{"start":{"line":232,"column":6},"end":{"line":232,"column":null}},"77":{"start":{"line":234,"column":6},"end":{"line":234,"column":null}},"78":{"start":{"line":240,"column":23},"end":{"line":240,"column":null}},"79":{"start":{"line":241,"column":4},"end":{"line":241,"column":null}},"80":{"start":{"line":241,"column":21},"end":{"line":241,"column":null}},"81":{"start":{"line":242,"column":26},"end":{"line":242,"column":null}},"82":{"start":{"line":242,"column":68},"end":{"line":242,"column":95}},"83":{"start":{"line":243,"column":4},"end":{"line":243,"column":null}},"84":{"start":{"line":243,"column":23},"end":{"line":243,"column":null}},"85":{"start":{"line":244,"column":4},"end":{"line":248,"column":null}},"86":{"start":{"line":245,"column":6},"end":{"line":245,"column":null}},"87":{"start":{"line":247,"column":6},"end":{"line":247,"column":null}},"88":{"start":{"line":251,"column":2},"end":{"line":271,"column":null}}},"fnMap":{"0":{"name":"_uid","decl":{"start":{"line":30,"column":9},"end":{"line":30,"column":24}},"loc":{"start":{"line":30,"column":24},"end":{"line":32,"column":null}},"line":30},"1":{"name":"useInlineChat","decl":{"start":{"line":50,"column":16},"end":{"line":50,"column":30}},"loc":{"start":{"line":50,"column":66},"end":{"line":272,"column":null}},"line":50},"2":{"name":"(anonymous_2)","decl":{"start":{"line":67,"column":17},"end":{"line":67,"column":32}},"loc":{"start":{"line":67,"column":32},"end":{"line":67,"column":54}},"line":67},"3":{"name":"(anonymous_3)","decl":{"start":{"line":68,"column":17},"end":{"line":68,"column":32}},"loc":{"start":{"line":68,"column":32},"end":{"line":68,"column":48}},"line":68},"4":{"name":"(anonymous_4)","decl":{"start":{"line":69,"column":18},"end":{"line":69,"column":33}},"loc":{"start":{"line":69,"column":33},"end":{"line":69,"column":80}},"line":69},"5":{"name":"(anonymous_5)","decl":{"start":{"line":70,"column":18},"end":{"line":70,"column":33}},"loc":{"start":{"line":70,"column":33},"end":{"line":70,"column":84}},"line":70},"6":{"name":"open","decl":{"start":{"line":79,"column":11},"end":{"line":79,"column":null}},"loc":{"start":{"line":82,"column":10},"end":{"line":87,"column":null}},"line":82},"7":{"name":"close","decl":{"start":{"line":90,"column":11},"end":{"line":90,"column":25}},"loc":{"start":{"line":90,"column":25},"end":{"line":94,"column":null}},"line":90},"8":{"name":"resetConversation","decl":{"start":{"line":96,"column":11},"end":{"line":96,"column":37}},"loc":{"start":{"line":96,"column":37},"end":{"line":102,"column":null}},"line":96},"9":{"name":"send","decl":{"start":{"line":110,"column":17},"end":{"line":110,"column":39}},"loc":{"start":{"line":110,"column":39},"end":{"line":203,"column":null}},"line":110},"10":{"name":"(anonymous_10)","decl":{"start":{"line":150,"column":6},"end":{"line":150,"column":24}},"loc":{"start":{"line":150,"column":24},"end":{"line":152,"column":null}},"line":150},"11":{"name":"(anonymous_11)","decl":{"start":{"line":153,"column":6},"end":{"line":153,"column":16}},"loc":{"start":{"line":153,"column":28},"end":{"line":155,"column":null}},"line":153},"12":{"name":"(anonymous_12)","decl":{"start":{"line":156,"column":6},"end":{"line":156,"column":21}},"loc":{"start":{"line":156,"column":36},"end":{"line":168,"column":null}},"line":156},"13":{"name":"(anonymous_13)","decl":{"start":{"line":169,"column":6},"end":{"line":169,"column":20}},"loc":{"start":{"line":169,"column":20},"end":{"line":182,"column":null}},"line":169},"14":{"name":"(anonymous_14)","decl":{"start":{"line":183,"column":6},"end":{"line":183,"column":16}},"loc":{"start":{"line":183,"column":28},"end":{"line":187,"column":null}},"line":183},"15":{"name":"stop","decl":{"start":{"line":206,"column":11},"end":{"line":206,"column":24}},"loc":{"start":{"line":206,"column":24},"end":{"line":220,"column":null}},"line":206},"16":{"name":"accept","decl":{"start":{"line":225,"column":17},"end":{"line":225,"column":41}},"loc":{"start":{"line":225,"column":41},"end":{"line":236,"column":null}},"line":225},"17":{"name":"(anonymous_17)","decl":{"start":{"line":229,"column":56},"end":{"line":229,"column":62}},"loc":{"start":{"line":229,"column":68},"end":{"line":229,"column":95}},"line":229},"18":{"name":"reject","decl":{"start":{"line":239,"column":17},"end":{"line":239,"column":41}},"loc":{"start":{"line":239,"column":41},"end":{"line":249,"column":null}},"line":239},"19":{"name":"(anonymous_19)","decl":{"start":{"line":242,"column":56},"end":{"line":242,"column":62}},"loc":{"start":{"line":242,"column":68},"end":{"line":242,"column":95}},"line":242}},"branchMap":{"0":{"loc":{"start":{"line":50,"column":30},"end":{"line":50,"column":66}},"type":"default-arg","locations":[{"start":{"line":50,"column":62},"end":{"line":50,"column":66}}],"line":50},"1":{"loc":{"start":{"line":52,"column":22},"end":{"line":52,"column":null}},"type":"binary-expr","locations":[{"start":{"line":52,"column":22},"end":{"line":52,"column":45}},{"start":{"line":52,"column":45},"end":{"line":52,"column":null}}],"line":52},"2":{"loc":{"start":{"line":53,"column":18},"end":{"line":53,"column":null}},"type":"binary-expr","locations":[{"start":{"line":53,"column":18},"end":{"line":53,"column":37}},{"start":{"line":53,"column":37},"end":{"line":53,"column":null}}],"line":53},"3":{"loc":{"start":{"line":69,"column":33},"end":{"line":69,"column":80}},"type":"binary-expr","locations":[{"start":{"line":69,"column":33},"end":{"line":69,"column":50}},{"start":{"line":69,"column":50},"end":{"line":69,"column":80}}],"line":69},"4":{"loc":{"start":{"line":70,"column":33},"end":{"line":70,"column":84}},"type":"binary-expr","locations":[{"start":{"line":70,"column":33},"end":{"line":70,"column":70}},{"start":{"line":70,"column":70},"end":{"line":70,"column":84}}],"line":70},"5":{"loc":{"start":{"line":112,"column":4},"end":{"line":112,"column":null}},"type":"if","locations":[{"start":{"line":112,"column":4},"end":{"line":112,"column":null}},{"start":{},"end":{}}],"line":112},"6":{"loc":{"start":{"line":112,"column":8},"end":{"line":112,"column":34}},"type":"binary-expr","locations":[{"start":{"line":112,"column":8},"end":{"line":112,"column":19}},{"start":{"line":112,"column":19},"end":{"line":112,"column":34}}],"line":112},"7":{"loc":{"start":{"line":114,"column":22},"end":{"line":114,"column":null}},"type":"binary-expr","locations":[{"start":{"line":114,"column":22},"end":{"line":114,"column":47}},{"start":{"line":114,"column":47},"end":{"line":114,"column":null}}],"line":114},"8":{"loc":{"start":{"line":115,"column":25},"end":{"line":115,"column":null}},"type":"binary-expr","locations":[{"start":{"line":115,"column":25},"end":{"line":115,"column":53}},{"start":{"line":115,"column":53},"end":{"line":115,"column":null}}],"line":115},"9":{"loc":{"start":{"line":118,"column":4},"end":{"line":121,"column":null}},"type":"if","locations":[{"start":{"line":118,"column":4},"end":{"line":121,"column":null}},{"start":{},"end":{}}],"line":118},"10":{"loc":{"start":{"line":118,"column":8},"end":{"line":118,"column":51}},"type":"binary-expr","locations":[{"start":{"line":118,"column":8},"end":{"line":118,"column":29}},{"start":{"line":118,"column":29},"end":{"line":118,"column":51}}],"line":118},"11":{"loc":{"start":{"line":140,"column":27},"end":{"line":140,"column":null}},"type":"binary-expr","locations":[{"start":{"line":140,"column":27},"end":{"line":140,"column":55}},{"start":{"line":140,"column":55},"end":{"line":140,"column":null}}],"line":140},"12":{"loc":{"start":{"line":141,"column":30},"end":{"line":147,"column":null}},"type":"cond-expr","locations":[{"start":{"line":142,"column":8},"end":{"line":146,"column":null}},{"start":{"line":147,"column":8},"end":{"line":147,"column":null}}],"line":141},"13":{"loc":{"start":{"line":162,"column":19},"end":{"line":162,"column":null}},"type":"binary-expr","locations":[{"start":{"line":162,"column":19},"end":{"line":162,"column":42}},{"start":{"line":162,"column":42},"end":{"line":162,"column":null}}],"line":162},"14":{"loc":{"start":{"line":171,"column":8},"end":{"line":179,"column":null}},"type":"if","locations":[{"start":{"line":171,"column":8},"end":{"line":179,"column":null}},{"start":{},"end":{}}],"line":171},"15":{"loc":{"start":{"line":171,"column":12},"end":{"line":171,"column":61}},"type":"binary-expr","locations":[{"start":{"line":171,"column":12},"end":{"line":171,"column":35}},{"start":{"line":171,"column":35},"end":{"line":171,"column":61}}],"line":171},"16":{"loc":{"start":{"line":211,"column":4},"end":{"line":219,"column":null}},"type":"if","locations":[{"start":{"line":211,"column":4},"end":{"line":219,"column":null}},{"start":{},"end":{}}],"line":211},"17":{"loc":{"start":{"line":227,"column":4},"end":{"line":227,"column":null}},"type":"if","locations":[{"start":{"line":227,"column":4},"end":{"line":227,"column":null}},{"start":{},"end":{}}],"line":227},"18":{"loc":{"start":{"line":230,"column":4},"end":{"line":230,"column":null}},"type":"if","locations":[{"start":{"line":230,"column":4},"end":{"line":230,"column":null}},{"start":{},"end":{}}],"line":230},"19":{"loc":{"start":{"line":241,"column":4},"end":{"line":241,"column":null}},"type":"if","locations":[{"start":{"line":241,"column":4},"end":{"line":241,"column":null}},{"start":{},"end":{}}],"line":241},"20":{"loc":{"start":{"line":243,"column":4},"end":{"line":243,"column":null}},"type":"if","locations":[{"start":{"line":243,"column":4},"end":{"line":243,"column":null}},{"start":{},"end":{}}],"line":243}},"s":{"0":3,"1":14,"2":14,"3":14,"4":14,"5":14,"6":14,"7":14,"8":14,"9":14,"10":14,"11":14,"12":3,"13":14,"14":3,"15":14,"16":1,"17":14,"18":4,"19":2,"20":2,"21":2,"22":1,"23":1,"24":1,"25":3,"26":3,"27":3,"28":3,"29":3,"30":5,"31":5,"32":2,"33":3,"34":5,"35":5,"36":5,"37":1,"38":1,"39":2,"40":2,"41":2,"42":2,"43":2,"44":2,"45":2,"46":2,"47":5,"48":5,"49":0,"50":0,"51":0,"52":0,"53":0,"54":0,"55":0,"56":0,"57":0,"58":0,"59":0,"60":0,"61":5,"62":2,"63":2,"64":2,"65":2,"66":1,"67":1,"68":2,"69":2,"70":1,"71":1,"72":1,"73":1,"74":1,"75":1,"76":1,"77":1,"78":1,"79":1,"80":0,"81":1,"82":1,"83":1,"84":1,"85":1,"86":1,"87":1,"88":14},"f":{"0":3,"1":14,"2":3,"3":3,"4":1,"5":4,"6":2,"7":1,"8":3,"9":5,"10":0,"11":0,"12":0,"13":0,"14":0,"15":2,"16":2,"17":1,"18":1,"19":1},"b":{"0":[14],"1":[14,14],"2":[14,13],"3":[1,0],"4":[4,2],"5":[2,3],"6":[5,4],"7":[3,1],"8":[5,1],"9":[1,4],"10":[5,2],"11":[2,2],"12":[0,2],"13":[0,0],"14":[0,0],"15":[0,0],"16":[1,1],"17":[1,1],"18":[1,0],"19":[0,1],"20":[1,0]},"meta":{"lastBranch":21,"lastFunction":20,"lastStatement":89,"seen":{"f:30:9:30:24":0,"s:31:2:31:Infinity":0,"f:50:16:50:30":1,"b:50:62:50:66":0,"s:51:8:51:Infinity":1,"s:52:22:52:Infinity":2,"b:52:22:52:45:52:45:52:Infinity":1,"s:53:18:53:Infinity":3,"b:53:18:53:37:53:37:53:Infinity":2,"s:56:8:56:Infinity":4,"s:57:8:57:Infinity":5,"s:58:8:58:Infinity":6,"s:59:8:59:Infinity":7,"s:60:8:60:Infinity":8,"s:61:8:61:Infinity":9,"s:64:8:64:Infinity":10,"s:67:8:67:Infinity":11,"f:67:17:67:32":2,"s:67:32:67:54":12,"s:68:8:68:Infinity":13,"f:68:17:68:32":3,"s:68:32:68:48":14,"s:69:8:69:Infinity":15,"f:69:18:69:33":4,"s:69:33:69:80":16,"b:69:33:69:50:69:50:69:80":3,"s:70:8:70:Infinity":17,"f:70:18:70:33":5,"s:70:33:70:84":18,"b:70:33:70:70:70:70:70:84":4,"f:79:11:79:Infinity":6,"s:83:17:83:Infinity":19,"s:84:4:84:Infinity":20,"s:86:4:86:Infinity":21,"f:90:11:90:25":7,"s:91:4:91:Infinity":22,"s:92:4:92:Infinity":23,"s:93:4:93:Infinity":24,"f:96:11:96:37":8,"s:97:4:97:Infinity":25,"s:98:4:98:Infinity":26,"s:99:4:99:Infinity":27,"s:100:4:100:Infinity":28,"s:101:4:101:Infinity":29,"f:110:17:110:39":9,"s:111:19:111:Infinity":30,"b:112:4:112:Infinity:undefined:undefined:undefined:undefined":5,"s:112:4:112:Infinity":31,"b:112:8:112:19:112:19:112:34":6,"s:112:34:112:Infinity":32,"s:114:22:114:Infinity":33,"b:114:22:114:47:114:47:114:Infinity":7,"s:115:25:115:Infinity":34,"b:115:25:115:53:115:53:115:Infinity":8,"s:116:23:116:Infinity":35,"b:118:4:121:Infinity:undefined:undefined:undefined:undefined":9,"s:118:4:121:Infinity":36,"b:118:8:118:29:118:29:118:51":10,"s:119:6:119:Infinity":37,"s:120:6:120:Infinity":38,"s:124:33:129:Infinity":39,"s:130:4:130:Infinity":40,"s:131:4:131:Infinity":41,"s:134:4:134:Infinity":42,"s:135:4:135:Infinity":43,"s:136:4:136:Infinity":44,"s:137:4:137:Infinity":45,"s:140:27:140:Infinity":46,"b:140:27:140:55:140:55:140:Infinity":11,"s:141:30:147:Infinity":47,"b:142:8:146:Infinity:147:8:147:Infinity":12,"s:149:41:188:Infinity":48,"f:150:6:150:24":10,"f:153:6:153:16":11,"s:154:8:154:Infinity":49,"f:156:6:156:21":12,"s:157:8:157:Infinity":50,"s:159:8:166:Infinity":51,"b:162:19:162:42:162:42:162:Infinity":13,"s:167:8:167:Infinity":52,"f:169:6:169:20":13,"b:171:8:179:Infinity:undefined:undefined:undefined:undefined":14,"s:171:8:179:Infinity":53,"b:171:12:171:35:171:35:171:61":15,"s:172:10:177:Infinity":54,"s:178:10:178:Infinity":55,"s:180:8:180:Infinity":56,"s:181:8:181:Infinity":57,"f:183:6:183:16":14,"s:184:8:184:Infinity":58,"s:185:8:185:Infinity":59,"s:186:8:186:Infinity":60,"s:190:4:202:Infinity":61,"f:206:11:206:24":15,"s:207:4:207:Infinity":62,"s:208:4:208:Infinity":63,"s:209:4:209:Infinity":64,"b:211:4:219:Infinity:undefined:undefined:undefined:undefined":16,"s:211:4:219:Infinity":65,"s:212:6:217:Infinity":66,"s:218:6:218:Infinity":67,"f:225:17:225:41":16,"s:226:23:226:Infinity":68,"b:227:4:227:Infinity:undefined:undefined:undefined:undefined":17,"s:227:4:227:Infinity":69,"s:227:21:227:Infinity":70,"s:229:26:229:Infinity":71,"f:229:56:229:62":17,"s:229:68:229:95":72,"b:230:4:230:Infinity:undefined:undefined:undefined:undefined":18,"s:230:4:230:Infinity":73,"s:230:23:230:Infinity":74,"s:231:4:235:Infinity":75,"s:232:6:232:Infinity":76,"s:234:6:234:Infinity":77,"f:239:17:239:41":18,"s:240:23:240:Infinity":78,"b:241:4:241:Infinity:undefined:undefined:undefined:undefined":19,"s:241:4:241:Infinity":79,"s:241:21:241:Infinity":80,"s:242:26:242:Infinity":81,"f:242:56:242:62":19,"s:242:68:242:95":82,"b:243:4:243:Infinity:undefined:undefined:undefined:undefined":20,"s:243:4:243:Infinity":83,"s:243:23:243:Infinity":84,"s:244:4:248:Infinity":85,"s:245:6:245:Infinity":86,"s:247:6:247:Infinity":87,"s:251:2:271:Infinity":88},"fnNames":{}}}
,"/Users/guwj/Desktop/AI_Lab/audiobook/web/src/stores/context.ts": {"path":"/Users/guwj/Desktop/AI_Lab/audiobook/web/src/stores/context.ts","statementMap":{"0":{"start":{"line":18,"column":13},"end":{"line":86,"column":null}},"1":{"start":{"line":20,"column":8},"end":{"line":20,"column":null}},"2":{"start":{"line":21,"column":8},"end":{"line":21,"column":null}},"3":{"start":{"line":22,"column":8},"end":{"line":22,"column":null}},"4":{"start":{"line":23,"column":8},"end":{"line":23,"column":null}},"5":{"start":{"line":28,"column":8},"end":{"line":28,"column":null}},"6":{"start":{"line":30,"column":8},"end":{"line":30,"column":null}},"7":{"start":{"line":33,"column":8},"end":{"line":33,"column":null}},"8":{"start":{"line":33,"column":44},"end":{"line":33,"column":71}},"9":{"start":{"line":34,"column":8},"end":{"line":34,"column":null}},"10":{"start":{"line":34,"column":23},"end":{"line":34,"column":75}},"11":{"start":{"line":40,"column":4},"end":{"line":40,"column":null}},"12":{"start":{"line":41,"column":4},"end":{"line":41,"column":null}},"13":{"start":{"line":42,"column":4},"end":{"line":42,"column":null}},"14":{"start":{"line":43,"column":4},"end":{"line":43,"column":null}},"15":{"start":{"line":45,"column":4},"end":{"line":45,"column":null}},"16":{"start":{"line":46,"column":4},"end":{"line":46,"column":null}},"17":{"start":{"line":50,"column":4},"end":{"line":50,"column":null}},"18":{"start":{"line":55,"column":4},"end":{"line":55,"column":null}},"19":{"start":{"line":60,"column":4},"end":{"line":60,"column":null}},"20":{"start":{"line":64,"column":4},"end":{"line":64,"column":null}},"21":{"start":{"line":65,"column":4},"end":{"line":65,"column":null}},"22":{"start":{"line":68,"column":2},"end":{"line":85,"column":null}}},"fnMap":{"0":{"name":"(anonymous_0)","decl":{"start":{"line":18,"column":43},"end":{"line":18,"column":60}},"loc":{"start":{"line":18,"column":60},"end":{"line":86,"column":1}},"line":18},"1":{"name":"(anonymous_1)","decl":{"start":{"line":33,"column":29},"end":{"line":33,"column":44}},"loc":{"start":{"line":33,"column":44},"end":{"line":33,"column":71}},"line":33},"2":{"name":"(anonymous_2)","decl":{"start":{"line":34,"column":23},"end":{"line":34,"column":39}},"loc":{"start":{"line":34,"column":23},"end":{"line":34,"column":75}},"line":34},"3":{"name":"syncFromRoute","decl":{"start":{"line":39,"column":11},"end":{"line":39,"column":25}},"loc":{"start":{"line":39,"column":71},"end":{"line":47,"column":null}},"line":39},"4":{"name":"setSelectedText","decl":{"start":{"line":49,"column":11},"end":{"line":49,"column":27}},"loc":{"start":{"line":49,"column":48},"end":{"line":51,"column":null}},"line":49},"5":{"name":"openInlineChat","decl":{"start":{"line":54,"column":11},"end":{"line":54,"column":26}},"loc":{"start":{"line":54,"column":52},"end":{"line":56,"column":null}},"line":54},"6":{"name":"closeInlineChat","decl":{"start":{"line":59,"column":11},"end":{"line":59,"column":29}},"loc":{"start":{"line":59,"column":29},"end":{"line":61,"column":null}},"line":59},"7":{"name":"clear","decl":{"start":{"line":63,"column":11},"end":{"line":63,"column":19}},"loc":{"start":{"line":63,"column":19},"end":{"line":66,"column":null}},"line":63}},"branchMap":{"0":{"loc":{"start":{"line":34,"column":39},"end":{"line":34,"column":65}},"type":"binary-expr","locations":[{"start":{"line":34,"column":39},"end":{"line":34,"column":61}},{"start":{"line":34,"column":61},"end":{"line":34,"column":65}}],"line":34},"1":{"loc":{"start":{"line":41,"column":22},"end":{"line":41,"column":null}},"type":"cond-expr","locations":[{"start":{"line":41,"column":49},"end":{"line":41,"column":76}},{"start":{"line":41,"column":76},"end":{"line":41,"column":null}}],"line":41},"2":{"loc":{"start":{"line":42,"column":25},"end":{"line":42,"column":null}},"type":"cond-expr","locations":[{"start":{"line":42,"column":52},"end":{"line":42,"column":79}},{"start":{"line":42,"column":79},"end":{"line":42,"column":null}}],"line":42},"3":{"loc":{"start":{"line":43,"column":27},"end":{"line":43,"column":null}},"type":"cond-expr","locations":[{"start":{"line":43,"column":56},"end":{"line":43,"column":85}},{"start":{"line":43,"column":85},"end":{"line":43,"column":null}}],"line":43}},"s":{"0":2,"1":27,"2":27,"3":27,"4":27,"5":27,"6":27,"7":27,"8":6,"9":27,"10":3,"11":3,"12":3,"13":3,"14":3,"15":3,"16":3,"17":5,"18":11,"19":2,"20":1,"21":1,"22":27},"f":{"0":27,"1":6,"2":3,"3":3,"4":5,"5":11,"6":2,"7":1},"b":{"0":[3,2],"1":[3,0],"2":[1,2],"3":[0,3]},"meta":{"lastBranch":4,"lastFunction":8,"lastStatement":23,"seen":{"s:18:13:86:Infinity":0,"f:18:43:18:60":0,"s:20:8:20:Infinity":1,"s:21:8:21:Infinity":2,"s:22:8:22:Infinity":3,"s:23:8:23:Infinity":4,"s:28:8:28:Infinity":5,"s:30:8:30:Infinity":6,"s:33:8:33:Infinity":7,"f:33:29:33:44":1,"s:33:44:33:71":8,"s:34:8:34:Infinity":9,"f:34:23:34:39":2,"s:34:23:34:75":10,"b:34:39:34:61:34:61:34:65":0,"f:39:11:39:25":3,"s:40:4:40:Infinity":11,"s:41:4:41:Infinity":12,"b:41:49:41:76:41:76:41:Infinity":1,"s:42:4:42:Infinity":13,"b:42:52:42:79:42:79:42:Infinity":2,"s:43:4:43:Infinity":14,"b:43:56:43:85:43:85:43:Infinity":3,"s:45:4:45:Infinity":15,"s:46:4:46:Infinity":16,"f:49:11:49:27":4,"s:50:4:50:Infinity":17,"f:54:11:54:26":5,"s:55:4:55:Infinity":18,"f:59:11:59:29":6,"s:60:4:60:Infinity":19,"f:63:11:63:19":7,"s:64:4:64:Infinity":20,"s:65:4:65:Infinity":21,"s:68:2:85:Infinity":22},"fnNames":{}}}
,"/Users/guwj/Desktop/AI_Lab/audiobook/web/src/types/pipeline.ts": {"path":"/Users/guwj/Desktop/AI_Lab/audiobook/web/src/types/pipeline.ts","statementMap":{"0":{"start":{"line":28,"column":53},"end":{"line":36,"column":null}},"1":{"start":{"line":56,"column":56},"end":{"line":63,"column":null}}},"fnMap":{},"branchMap":{},"s":{"0":2,"1":2},"f":{},"b":{},"meta":{"lastBranch":0,"lastFunction":0,"lastStatement":2,"seen":{"s:28:53:36:Infinity":0,"s:56:56:63:Infinity":1},"fnNames":{}}}
,"/Users/guwj/Desktop/AI_Lab/audiobook/web/src/utils/normalize.ts": {"path":"/Users/guwj/Desktop/AI_Lab/audiobook/web/src/utils/normalize.ts","statementMap":{"0":{"start":{"line":29,"column":32},"end":{"line":29,"column":null}},"1":{"start":{"line":36,"column":2},"end":{"line":38,"column":null}},"2":{"start":{"line":37,"column":4},"end":{"line":37,"column":null}},"3":{"start":{"line":39,"column":2},"end":{"line":39,"column":null}},"4":{"start":{"line":47,"column":2},"end":{"line":47,"column":null}},"5":{"start":{"line":56,"column":93},"end":{"line":63,"column":null}},"6":{"start":{"line":70,"column":2},"end":{"line":70,"column":null}},"7":{"start":{"line":87,"column":84},"end":{"line":93,"column":null}},"8":{"start":{"line":115,"column":8},"end":{"line":117,"column":null}},"9":{"start":{"line":116,"column":4},"end":{"line":116,"column":null}},"10":{"start":{"line":119,"column":2},"end":{"line":151,"column":null}},"11":{"start":{"line":122,"column":6},"end":{"line":123,"column":null}},"12":{"start":{"line":123,"column":18},"end":{"line":123,"column":54}},"13":{"start":{"line":125,"column":4},"end":{"line":137,"column":null}},"14":{"start":{"line":126,"column":18},"end":{"line":126,"column":null}},"15":{"start":{"line":127,"column":6},"end":{"line":129,"column":null}},"16":{"start":{"line":128,"column":8},"end":{"line":128,"column":null}},"17":{"start":{"line":131,"column":6},"end":{"line":133,"column":null}},"18":{"start":{"line":132,"column":8},"end":{"line":132,"column":null}},"19":{"start":{"line":134,"column":6},"end":{"line":136,"column":null}},"20":{"start":{"line":135,"column":8},"end":{"line":135,"column":null}},"21":{"start":{"line":140,"column":22},"end":{"line":140,"column":null}},"22":{"start":{"line":141,"column":4},"end":{"line":147,"column":null}},"23":{"start":{"line":142,"column":27},"end":{"line":142,"column":null}},"24":{"start":{"line":143,"column":25},"end":{"line":143,"column":null}},"25":{"start":{"line":143,"column":57},"end":{"line":143,"column":76}},"26":{"start":{"line":144,"column":6},"end":{"line":146,"column":null}},"27":{"start":{"line":145,"column":8},"end":{"line":145,"column":null}},"28":{"start":{"line":150,"column":4},"end":{"line":150,"column":null}},"29":{"start":{"line":159,"column":2},"end":{"line":159,"column":null}},"30":{"start":{"line":159,"column":27},"end":{"line":159,"column":null}},"31":{"start":{"line":160,"column":16},"end":{"line":164,"column":null}},"32":{"start":{"line":161,"column":4},"end":{"line":161,"column":null}},"33":{"start":{"line":161,"column":34},"end":{"line":161,"column":null}},"34":{"start":{"line":162,"column":4},"end":{"line":162,"column":null}},"35":{"start":{"line":162,"column":32},"end":{"line":162,"column":null}},"36":{"start":{"line":163,"column":4},"end":{"line":163,"column":null}},"37":{"start":{"line":165,"column":2},"end":{"line":165,"column":null}},"38":{"start":{"line":183,"column":2},"end":{"line":183,"column":null}},"39":{"start":{"line":183,"column":19},"end":{"line":183,"column":null}},"40":{"start":{"line":184,"column":2},"end":{"line":187,"column":null}},"41":{"start":{"line":186,"column":4},"end":{"line":186,"column":null}},"42":{"start":{"line":188,"column":2},"end":{"line":199,"column":null}},"43":{"start":{"line":189,"column":4},"end":{"line":192,"column":null}},"44":{"start":{"line":191,"column":6},"end":{"line":191,"column":null}},"45":{"start":{"line":193,"column":4},"end":{"line":196,"column":null}},"46":{"start":{"line":195,"column":6},"end":{"line":195,"column":null}},"47":{"start":{"line":198,"column":4},"end":{"line":198,"column":null}},"48":{"start":{"line":200,"column":2},"end":{"line":200,"column":null}},"49":{"start":{"line":205,"column":55},"end":{"line":213,"column":null}},"50":{"start":{"line":215,"column":55},"end":{"line":223,"column":null}},"51":{"start":{"line":227,"column":2},"end":{"line":227,"column":null}},"52":{"start":{"line":230,"column":54},"end":{"line":235,"column":null}},"53":{"start":{"line":239,"column":2},"end":{"line":239,"column":null}},"54":{"start":{"line":239,"column":23},"end":{"line":239,"column":null}},"55":{"start":{"line":240,"column":2},"end":{"line":240,"column":null}}},"fnMap":{"0":{"name":"normalizeParagraphStatus","decl":{"start":{"line":35,"column":16},"end":{"line":35,"column":41}},"loc":{"start":{"line":35,"column":72},"end":{"line":40,"column":null}},"line":35},"1":{"name":"paragraphStatusIndex","decl":{"start":{"line":46,"column":16},"end":{"line":46,"column":37}},"loc":{"start":{"line":46,"column":70},"end":{"line":48,"column":null}},"line":46},"2":{"name":"_isChapterFieldCompleted","decl":{"start":{"line":69,"column":9},"end":{"line":69,"column":34}},"loc":{"start":{"line":69,"column":59},"end":{"line":71,"column":null}},"line":69},"3":{"name":"normalizeChapterPipeline","decl":{"start":{"line":110,"column":16},"end":{"line":110,"column":null}},"loc":{"start":{"line":113,"column":26},"end":{"line":152,"column":null}},"line":113},"4":{"name":"(anonymous_4)","decl":{"start":{"line":115,"column":47},"end":{"line":115,"column":52}},"loc":{"start":{"line":116,"column":4},"end":{"line":116,"column":null}},"line":116},"5":{"name":"(anonymous_5)","decl":{"start":{"line":119,"column":30},"end":{"line":119,"column":35}},"loc":{"start":{"line":119,"column":67},"end":{"line":151,"column":3}},"line":119},"6":{"name":"(anonymous_6)","decl":{"start":{"line":123,"column":6},"end":{"line":123,"column":12}},"loc":{"start":{"line":123,"column":18},"end":{"line":123,"column":54}},"line":123},"7":{"name":"(anonymous_7)","decl":{"start":{"line":143,"column":43},"end":{"line":143,"column":49}},"loc":{"start":{"line":143,"column":57},"end":{"line":143,"column":76}},"line":143},"8":{"name":"computePipelineProgress","decl":{"start":{"line":158,"column":16},"end":{"line":158,"column":40}},"loc":{"start":{"line":158,"column":80},"end":{"line":166,"column":null}},"line":158},"9":{"name":"(anonymous_9)","decl":{"start":{"line":160,"column":23},"end":{"line":160,"column":31}},"loc":{"start":{"line":160,"column":42},"end":{"line":164,"column":5}},"line":160},"10":{"name":"normalizeTimestamp","decl":{"start":{"line":182,"column":16},"end":{"line":182,"column":35}},"loc":{"start":{"line":182,"column":64},"end":{"line":201,"column":null}},"line":182},"11":{"name":"stageLabel","decl":{"start":{"line":226,"column":16},"end":{"line":226,"column":27}},"loc":{"start":{"line":226,"column":85},"end":{"line":228,"column":null}},"line":226},"12":{"name":"statusLabel","decl":{"start":{"line":238,"column":16},"end":{"line":238,"column":28}},"loc":{"start":{"line":238,"column":85},"end":{"line":241,"column":null}},"line":238}},"branchMap":{"0":{"loc":{"start":{"line":36,"column":2},"end":{"line":38,"column":null}},"type":"if","locations":[{"start":{"line":36,"column":2},"end":{"line":38,"column":null}},{"start":{},"end":{}}],"line":36},"1":{"loc":{"start":{"line":36,"column":6},"end":{"line":36,"column":67}},"type":"binary-expr","locations":[{"start":{"line":36,"column":6},"end":{"line":36,"column":33}},{"start":{"line":36,"column":33},"end":{"line":36,"column":67}}],"line":36},"2":{"loc":{"start":{"line":115,"column":29},"end":{"line":115,"column":47}},"type":"binary-expr","locations":[{"start":{"line":115,"column":29},"end":{"line":115,"column":43}},{"start":{"line":115,"column":43},"end":{"line":115,"column":47}}],"line":115},"3":{"loc":{"start":{"line":125,"column":4},"end":{"line":137,"column":null}},"type":"if","locations":[{"start":{"line":125,"column":4},"end":{"line":137,"column":null}},{"start":{},"end":{}}],"line":125},"4":{"loc":{"start":{"line":127,"column":6},"end":{"line":129,"column":null}},"type":"if","locations":[{"start":{"line":127,"column":6},"end":{"line":129,"column":null}},{"start":{},"end":{}}],"line":127},"5":{"loc":{"start":{"line":131,"column":6},"end":{"line":133,"column":null}},"type":"if","locations":[{"start":{"line":131,"column":6},"end":{"line":133,"column":null}},{"start":{},"end":{}}],"line":131},"6":{"loc":{"start":{"line":131,"column":10},"end":{"line":131,"column":56}},"type":"binary-expr","locations":[{"start":{"line":131,"column":10},"end":{"line":131,"column":37}},{"start":{"line":131,"column":37},"end":{"line":131,"column":56}}],"line":131},"7":{"loc":{"start":{"line":134,"column":6},"end":{"line":136,"column":null}},"type":"if","locations":[{"start":{"line":134,"column":6},"end":{"line":136,"column":null}},{"start":{},"end":{}}],"line":134},"8":{"loc":{"start":{"line":134,"column":10},"end":{"line":134,"column":55}},"type":"binary-expr","locations":[{"start":{"line":134,"column":10},"end":{"line":134,"column":37}},{"start":{"line":134,"column":37},"end":{"line":134,"column":55}}],"line":134},"9":{"loc":{"start":{"line":141,"column":4},"end":{"line":147,"column":null}},"type":"if","locations":[{"start":{"line":141,"column":4},"end":{"line":147,"column":null}},{"start":{},"end":{}}],"line":141},"10":{"loc":{"start":{"line":141,"column":8},"end":{"line":141,"column":65}},"type":"binary-expr","locations":[{"start":{"line":141,"column":8},"end":{"line":141,"column":35}},{"start":{"line":141,"column":35},"end":{"line":141,"column":65}}],"line":141},"11":{"loc":{"start":{"line":144,"column":6},"end":{"line":146,"column":null}},"type":"if","locations":[{"start":{"line":144,"column":6},"end":{"line":146,"column":null}},{"start":{},"end":{}}],"line":144},"12":{"loc":{"start":{"line":159,"column":2},"end":{"line":159,"column":null}},"type":"if","locations":[{"start":{"line":159,"column":2},"end":{"line":159,"column":null}},{"start":{},"end":{}}],"line":159},"13":{"loc":{"start":{"line":161,"column":4},"end":{"line":161,"column":null}},"type":"if","locations":[{"start":{"line":161,"column":4},"end":{"line":161,"column":null}},{"start":{},"end":{}}],"line":161},"14":{"loc":{"start":{"line":162,"column":4},"end":{"line":162,"column":null}},"type":"if","locations":[{"start":{"line":162,"column":4},"end":{"line":162,"column":null}},{"start":{},"end":{}}],"line":162},"15":{"loc":{"start":{"line":183,"column":2},"end":{"line":183,"column":null}},"type":"if","locations":[{"start":{"line":183,"column":2},"end":{"line":183,"column":null}},{"start":{},"end":{}}],"line":183},"16":{"loc":{"start":{"line":184,"column":2},"end":{"line":187,"column":null}},"type":"if","locations":[{"start":{"line":184,"column":2},"end":{"line":187,"column":null}},{"start":{},"end":{}}],"line":184},"17":{"loc":{"start":{"line":186,"column":11},"end":{"line":186,"column":null}},"type":"cond-expr","locations":[{"start":{"line":186,"column":28},"end":{"line":186,"column":34}},{"start":{"line":186,"column":34},"end":{"line":186,"column":null}}],"line":186},"18":{"loc":{"start":{"line":188,"column":2},"end":{"line":199,"column":null}},"type":"if","locations":[{"start":{"line":188,"column":2},"end":{"line":199,"column":null}},{"start":{},"end":{}}],"line":188},"19":{"loc":{"start":{"line":188,"column":6},"end":{"line":188,"column":55}},"type":"binary-expr","locations":[{"start":{"line":188,"column":6},"end":{"line":188,"column":33}},{"start":{"line":188,"column":33},"end":{"line":188,"column":55}}],"line":188},"20":{"loc":{"start":{"line":189,"column":4},"end":{"line":192,"column":null}},"type":"if","locations":[{"start":{"line":189,"column":4},"end":{"line":192,"column":null}},{"start":{},"end":{}}],"line":189},"21":{"loc":{"start":{"line":193,"column":4},"end":{"line":196,"column":null}},"type":"if","locations":[{"start":{"line":193,"column":4},"end":{"line":196,"column":null}},{"start":{},"end":{}}],"line":193},"22":{"loc":{"start":{"line":226,"column":49},"end":{"line":226,"column":85}},"type":"default-arg","locations":[{"start":{"line":226,"column":71},"end":{"line":226,"column":85}}],"line":226},"23":{"loc":{"start":{"line":227,"column":9},"end":{"line":227,"column":null}},"type":"cond-expr","locations":[{"start":{"line":227,"column":27},"end":{"line":227,"column":52}},{"start":{"line":227,"column":52},"end":{"line":227,"column":null}}],"line":227},"24":{"loc":{"start":{"line":238,"column":49},"end":{"line":238,"column":85}},"type":"default-arg","locations":[{"start":{"line":238,"column":71},"end":{"line":238,"column":85}}],"line":238},"25":{"loc":{"start":{"line":239,"column":2},"end":{"line":239,"column":null}},"type":"if","locations":[{"start":{"line":239,"column":2},"end":{"line":239,"column":null}},{"start":{},"end":{}}],"line":239}},"s":{"0":1,"1":21,"2":16,"3":5,"4":30,"5":1,"6":30,"7":1,"8":5,"9":10,"10":5,"11":35,"12":135,"13":35,"14":30,"15":30,"16":10,"17":20,"18":0,"19":20,"20":0,"21":25,"22":25,"23":13,"24":13,"25":33,"26":13,"27":7,"28":18,"29":4,"30":1,"31":3,"32":21,"33":9,"34":12,"35":1,"36":11,"37":3,"38":10,"39":2,"40":8,"41":2,"42":6,"43":4,"44":1,"45":3,"46":1,"47":2,"48":2,"49":1,"50":1,"51":9,"52":1,"53":6,"54":2,"55":4},"f":{"0":21,"1":30,"2":30,"3":5,"4":10,"5":35,"6":135,"7":33,"8":4,"9":21,"10":10,"11":9,"12":6},"b":{"0":[16,5],"1":[21,18],"2":[5,1],"3":[30,5],"4":[10,20],"5":[0,20],"6":[20,14],"7":[0,20],"8":[20,14],"9":[13,12],"10":[25,23],"11":[7,6],"12":[1,3],"13":[9,12],"14":[1,11],"15":[2,8],"16":[2,6],"17":[1,1],"18":[4,2],"19":[6,4],"20":[1,3],"21":[1,2],"22":[9],"23":[2,7],"24":[6],"25":[2,4]},"meta":{"lastBranch":26,"lastFunction":13,"lastStatement":56,"seen":{"s:29:32:29:Infinity":0,"f:35:16:35:41":0,"b:36:2:38:Infinity:undefined:undefined:undefined:undefined":0,"s:36:2:38:Infinity":1,"b:36:6:36:33:36:33:36:67":1,"s:37:4:37:Infinity":2,"s:39:2:39:Infinity":3,"f:46:16:46:37":1,"s:47:2:47:Infinity":4,"s:56:93:63:Infinity":5,"f:69:9:69:34":2,"s:70:2:70:Infinity":6,"s:87:84:93:Infinity":7,"f:110:16:110:Infinity":3,"s:115:8:117:Infinity":8,"b:115:29:115:43:115:43:115:47":2,"f:115:47:115:52":4,"s:116:4:116:Infinity":9,"s:119:2:151:Infinity":10,"f:119:30:119:35":5,"s:122:6:123:Infinity":11,"f:123:6:123:12":6,"s:123:18:123:54":12,"b:125:4:137:Infinity:undefined:undefined:undefined:undefined":3,"s:125:4:137:Infinity":13,"s:126:18:126:Infinity":14,"b:127:6:129:Infinity:undefined:undefined:undefined:undefined":4,"s:127:6:129:Infinity":15,"s:128:8:128:Infinity":16,"b:131:6:133:Infinity:undefined:undefined:undefined:undefined":5,"s:131:6:133:Infinity":17,"b:131:10:131:37:131:37:131:56":6,"s:132:8:132:Infinity":18,"b:134:6:136:Infinity:undefined:undefined:undefined:undefined":7,"s:134:6:136:Infinity":19,"b:134:10:134:37:134:37:134:55":8,"s:135:8:135:Infinity":20,"s:140:22:140:Infinity":21,"b:141:4:147:Infinity:undefined:undefined:undefined:undefined":9,"s:141:4:147:Infinity":22,"b:141:8:141:35:141:35:141:65":10,"s:142:27:142:Infinity":23,"s:143:25:143:Infinity":24,"f:143:43:143:49":7,"s:143:57:143:76":25,"b:144:6:146:Infinity:undefined:undefined:undefined:undefined":11,"s:144:6:146:Infinity":26,"s:145:8:145:Infinity":27,"s:150:4:150:Infinity":28,"f:158:16:158:40":8,"b:159:2:159:Infinity:undefined:undefined:undefined:undefined":12,"s:159:2:159:Infinity":29,"s:159:27:159:Infinity":30,"s:160:16:164:Infinity":31,"f:160:23:160:31":9,"b:161:4:161:Infinity:undefined:undefined:undefined:undefined":13,"s:161:4:161:Infinity":32,"s:161:34:161:Infinity":33,"b:162:4:162:Infinity:undefined:undefined:undefined:undefined":14,"s:162:4:162:Infinity":34,"s:162:32:162:Infinity":35,"s:163:4:163:Infinity":36,"s:165:2:165:Infinity":37,"f:182:16:182:35":10,"b:183:2:183:Infinity:undefined:undefined:undefined:undefined":15,"s:183:2:183:Infinity":38,"s:183:19:183:Infinity":39,"b:184:2:187:Infinity:undefined:undefined:undefined:undefined":16,"s:184:2:187:Infinity":40,"s:186:4:186:Infinity":41,"b:186:28:186:34:186:34:186:Infinity":17,"b:188:2:199:Infinity:undefined:undefined:undefined:undefined":18,"s:188:2:199:Infinity":42,"b:188:6:188:33:188:33:188:55":19,"b:189:4:192:Infinity:undefined:undefined:undefined:undefined":20,"s:189:4:192:Infinity":43,"s:191:6:191:Infinity":44,"b:193:4:196:Infinity:undefined:undefined:undefined:undefined":21,"s:193:4:196:Infinity":45,"s:195:6:195:Infinity":46,"s:198:4:198:Infinity":47,"s:200:2:200:Infinity":48,"s:205:55:213:Infinity":49,"s:215:55:223:Infinity":50,"f:226:16:226:27":11,"b:226:71:226:85":22,"s:227:2:227:Infinity":51,"b:227:27:227:52:227:52:227:Infinity":23,"s:230:54:235:Infinity":52,"f:238:16:238:28":12,"b:238:71:238:85":24,"b:239:2:239:Infinity:undefined:undefined:undefined:undefined":25,"s:239:2:239:Infinity":53,"s:239:23:239:Infinity":54,"s:240:2:240:Infinity":55},"fnNames":{}}}
}
